#! /usr/bin/vvp
:ivl_version "12.0 (stable)";
:ivl_delay_selection "TYPICAL";
:vpi_time_precision - 12;
:vpi_module "/usr/lib/x86_64-linux-gnu/ivl/system.vpi";
:vpi_module "/usr/lib/x86_64-linux-gnu/ivl/vhdl_sys.vpi";
:vpi_module "/usr/lib/x86_64-linux-gnu/ivl/vhdl_textio.vpi";
:vpi_module "/usr/lib/x86_64-linux-gnu/ivl/v2005_math.vpi";
:vpi_module "/usr/lib/x86_64-linux-gnu/ivl/va_math.vpi";
S_0x55dbc5405d90 .scope module, "decode_tb" "decode_tb" 2 3;
 .timescale -9 -12;
v0x55dbc5443110_0 .net "IF_ID_Write", 0 0, v0x55dbc5404080_0;  1 drivers
v0x55dbc54431d0_0 .net "PCWrite", 0 0, v0x55dbc5441b60_0;  1 drivers
v0x55dbc54432a0_0 .net "alu_op", 3 0, v0x55dbc5441c00_0;  1 drivers
v0x55dbc54433a0_0 .net "alu_src", 0 0, v0x55dbc5441ce0_0;  1 drivers
v0x55dbc5443470_0 .net "branch", 0 0, v0x55dbc5441df0_0;  1 drivers
v0x55dbc5443510_0 .var "clk", 0 0;
v0x55dbc54435e0_0 .var "hazard_detected", 0 0;
v0x55dbc54436b0_0 .var "id_ex_MemRead", 0 0;
v0x55dbc5443780_0 .net "id_ex_Memread", 0 0, v0x55dbc54422b0_0;  1 drivers
v0x55dbc5443850_0 .net "id_ex_MemtoReg", 0 0, v0x55dbc5442370_0;  1 drivers
v0x55dbc5443920_0 .net "id_ex_Memwrite", 0 0, v0x55dbc5442430_0;  1 drivers
v0x55dbc54439f0_0 .var "id_ex_Rd", 4 0;
v0x55dbc5443ac0_0 .net "id_ex_Regwrite", 0 0, v0x55dbc54425d0_0;  1 drivers
v0x55dbc5443b90_0 .net "id_ex_rd", 4 0, v0x55dbc5442690_0;  1 drivers
v0x55dbc5443c60_0 .net "id_ex_rs1", 4 0, v0x55dbc5442770_0;  1 drivers
v0x55dbc5443d30_0 .net "id_ex_rs2", 4 0, v0x55dbc5442850_0;  1 drivers
v0x55dbc5443e00_0 .net "id_ex_write", 0 0, v0x55dbc5442930_0;  1 drivers
v0x55dbc5443ed0_0 .var "if_id_Rs1", 4 0;
v0x55dbc5443fa0_0 .var "if_id_Rs2", 4 0;
v0x55dbc5444070_0 .net "imm", 63 0, v0x55dbc5442bb0_0;  1 drivers
v0x55dbc5444140_0 .var "instruction", 31 0;
v0x55dbc5444210_0 .net "opcode", 6 0, v0x55dbc5442d70_0;  1 drivers
S_0x55dbc5405f20 .scope module, "uut" "decode" 2 29, 3 1 0, S_0x55dbc5405d90;
 .timescale -9 -12;
    .port_info 0 /INPUT 32 "instruction";
    .port_info 1 /INPUT 1 "clk";
    .port_info 2 /INPUT 1 "id_ex_MemRead";
    .port_info 3 /INPUT 5 "id_ex_Rd";
    .port_info 4 /INPUT 5 "if_id_Rs1";
    .port_info 5 /INPUT 5 "if_id_Rs2";
    .port_info 6 /INPUT 1 "hazard_detected";
    .port_info 7 /OUTPUT 1 "PCWrite";
    .port_info 8 /OUTPUT 1 "IF_ID_Write";
    .port_info 9 /OUTPUT 1 "id_ex_Memread";
    .port_info 10 /OUTPUT 1 "id_ex_MemtoReg";
    .port_info 11 /OUTPUT 1 "id_ex_Regwrite";
    .port_info 12 /OUTPUT 1 "id_ex_Memwrite";
    .port_info 13 /OUTPUT 1 "id_ex_write";
    .port_info 14 /OUTPUT 5 "id_ex_rs1";
    .port_info 15 /OUTPUT 5 "id_ex_rs2";
    .port_info 16 /OUTPUT 5 "id_ex_rd";
    .port_info 17 /OUTPUT 7 "opcode";
    .port_info 18 /OUTPUT 1 "alu_src";
    .port_info 19 /OUTPUT 4 "alu_op";
    .port_info 20 /OUTPUT 1 "branch";
    .port_info 21 /OUTPUT 64 "imm";
v0x55dbc5403fe0_0 .var "Control", 0 0;
v0x55dbc5404080_0 .var "IF_ID_Write", 0 0;
v0x55dbc5441b60_0 .var "PCWrite", 0 0;
v0x55dbc5441c00_0 .var "alu_op", 3 0;
v0x55dbc5441ce0_0 .var "alu_src", 0 0;
v0x55dbc5441df0_0 .var "branch", 0 0;
v0x55dbc5441eb0_0 .net "clk", 0 0, v0x55dbc5443510_0;  1 drivers
v0x55dbc5441f70_0 .var "funct3", 2 0;
v0x55dbc5442050_0 .var "funct7", 6 0;
v0x55dbc5442130_0 .net "hazard_detected", 0 0, v0x55dbc54435e0_0;  1 drivers
v0x55dbc54421f0_0 .net "id_ex_MemRead", 0 0, v0x55dbc54436b0_0;  1 drivers
v0x55dbc54422b0_0 .var "id_ex_Memread", 0 0;
v0x55dbc5442370_0 .var "id_ex_MemtoReg", 0 0;
v0x55dbc5442430_0 .var "id_ex_Memwrite", 0 0;
v0x55dbc54424f0_0 .net "id_ex_Rd", 4 0, v0x55dbc54439f0_0;  1 drivers
v0x55dbc54425d0_0 .var "id_ex_Regwrite", 0 0;
v0x55dbc5442690_0 .var "id_ex_rd", 4 0;
v0x55dbc5442770_0 .var "id_ex_rs1", 4 0;
v0x55dbc5442850_0 .var "id_ex_rs2", 4 0;
v0x55dbc5442930_0 .var "id_ex_write", 0 0;
v0x55dbc54429f0_0 .net "if_id_Rs1", 4 0, v0x55dbc5443ed0_0;  1 drivers
v0x55dbc5442ad0_0 .net "if_id_Rs2", 4 0, v0x55dbc5443fa0_0;  1 drivers
v0x55dbc5442bb0_0 .var "imm", 63 0;
v0x55dbc5442c90_0 .net "instruction", 31 0, v0x55dbc5444140_0;  1 drivers
v0x55dbc5442d70_0 .var "opcode", 6 0;
E_0x55dbc540ae50/0 .event anyedge, v0x55dbc5442130_0, v0x55dbc5442c90_0, v0x55dbc5403fe0_0, v0x55dbc5442d70_0;
E_0x55dbc540ae50/1 .event anyedge, v0x55dbc5441f70_0, v0x55dbc5442050_0;
E_0x55dbc540ae50 .event/or E_0x55dbc540ae50/0, E_0x55dbc540ae50/1;
    .scope S_0x55dbc5405f20;
T_0 ;
    %pushi/vec4 1, 0, 1;
    %store/vec4 v0x55dbc5403fe0_0, 0, 1;
    %end;
    .thread T_0;
    .scope S_0x55dbc5405f20;
T_1 ;
    %wait E_0x55dbc540ae50;
    %load/vec4 v0x55dbc5442130_0;
    %inv;
    %store/vec4 v0x55dbc5441b60_0, 0, 1;
    %load/vec4 v0x55dbc5442130_0;
    %inv;
    %store/vec4 v0x55dbc5404080_0, 0, 1;
    %load/vec4 v0x55dbc5442130_0;
    %inv;
    %store/vec4 v0x55dbc5403fe0_0, 0, 1;
    %load/vec4 v0x55dbc5442c90_0;
    %parti/s 7, 0, 2;
    %store/vec4 v0x55dbc5442d70_0, 0, 7;
    %load/vec4 v0x55dbc5442c90_0;
    %parti/s 5, 7, 4;
    %store/vec4 v0x55dbc5442690_0, 0, 5;
    %load/vec4 v0x55dbc5442c90_0;
    %parti/s 3, 12, 5;
    %store/vec4 v0x55dbc5441f70_0, 0, 3;
    %load/vec4 v0x55dbc5442c90_0;
    %parti/s 7, 25, 6;
    %store/vec4 v0x55dbc5442050_0, 0, 7;
    %load/vec4 v0x55dbc5442c90_0;
    %parti/s 5, 15, 5;
    %store/vec4 v0x55dbc5442770_0, 0, 5;
    %load/vec4 v0x55dbc5442c90_0;
    %parti/s 5, 20, 6;
    %store/vec4 v0x55dbc5442850_0, 0, 5;
    %pushi/vec4 0, 0, 1;
    %store/vec4 v0x55dbc5441df0_0, 0, 1;
    %pushi/vec4 0, 0, 4;
    %store/vec4 v0x55dbc5441c00_0, 0, 4;
    %pushi/vec4 0, 0, 1;
    %store/vec4 v0x55dbc5441ce0_0, 0, 1;
    %pushi/vec4 0, 0, 64;
    %store/vec4 v0x55dbc5442bb0_0, 0, 64;
    %pushi/vec4 0, 0, 1;
    %store/vec4 v0x55dbc5442430_0, 0, 1;
    %pushi/vec4 0, 0, 1;
    %store/vec4 v0x55dbc5442370_0, 0, 1;
    %pushi/vec4 0, 0, 1;
    %store/vec4 v0x55dbc54422b0_0, 0, 1;
    %pushi/vec4 0, 0, 1;
    %store/vec4 v0x55dbc54425d0_0, 0, 1;
    %pushi/vec4 0, 0, 1;
    %store/vec4 v0x55dbc5442930_0, 0, 1;
    %load/vec4 v0x55dbc5403fe0_0;
    %flag_set/vec4 8;
    %jmp/0xz  T_1.0, 8;
    %load/vec4 v0x55dbc5442d70_0;
    %dup/vec4;
    %pushi/vec4 51, 0, 7;
    %cmp/u;
    %jmp/1 T_1.2, 6;
    %dup/vec4;
    %pushi/vec4 3, 0, 7;
    %cmp/u;
    %jmp/1 T_1.3, 6;
    %dup/vec4;
    %pushi/vec4 19, 0, 7;
    %cmp/u;
    %jmp/1 T_1.4, 6;
    %dup/vec4;
    %pushi/vec4 99, 0, 7;
    %cmp/u;
    %jmp/1 T_1.5, 6;
    %dup/vec4;
    %pushi/vec4 35, 0, 7;
    %cmp/u;
    %jmp/1 T_1.6, 6;
    %pushi/vec4 0, 0, 1;
    %store/vec4 v0x55dbc5441df0_0, 0, 1;
    %pushi/vec4 0, 0, 4;
    %store/vec4 v0x55dbc5441c00_0, 0, 4;
    %pushi/vec4 0, 0, 1;
    %store/vec4 v0x55dbc5441ce0_0, 0, 1;
    %pushi/vec4 0, 0, 64;
    %store/vec4 v0x55dbc5442bb0_0, 0, 64;
    %pushi/vec4 0, 0, 1;
    %store/vec4 v0x55dbc54422b0_0, 0, 1;
    %pushi/vec4 0, 0, 1;
    %store/vec4 v0x55dbc5442370_0, 0, 1;
    %pushi/vec4 0, 0, 1;
    %store/vec4 v0x55dbc54425d0_0, 0, 1;
    %pushi/vec4 0, 0, 1;
    %store/vec4 v0x55dbc5442430_0, 0, 1;
    %jmp T_1.8;
T_1.2 ;
    %pushi/vec4 1, 0, 1;
    %store/vec4 v0x55dbc54425d0_0, 0, 1;
    %load/vec4 v0x55dbc5441f70_0;
    %dup/vec4;
    %pushi/vec4 0, 0, 3;
    %cmp/u;
    %jmp/1 T_1.9, 6;
    %dup/vec4;
    %pushi/vec4 1, 0, 3;
    %cmp/u;
    %jmp/1 T_1.10, 6;
    %dup/vec4;
    %pushi/vec4 4, 0, 3;
    %cmp/u;
    %jmp/1 T_1.11, 6;
    %dup/vec4;
    %pushi/vec4 5, 0, 3;
    %cmp/u;
    %jmp/1 T_1.12, 6;
    %dup/vec4;
    %pushi/vec4 6, 0, 3;
    %cmp/u;
    %jmp/1 T_1.13, 6;
    %dup/vec4;
    %pushi/vec4 7, 0, 3;
    %cmp/u;
    %jmp/1 T_1.14, 6;
    %jmp T_1.15;
T_1.9 ;
    %load/vec4 v0x55dbc5442050_0;
    %dup/vec4;
    %pushi/vec4 0, 0, 7;
    %cmp/u;
    %jmp/1 T_1.16, 6;
    %dup/vec4;
    %pushi/vec4 32, 0, 7;
    %cmp/u;
    %jmp/1 T_1.17, 6;
    %jmp T_1.18;
T_1.16 ;
    %pushi/vec4 2, 0, 4;
    %store/vec4 v0x55dbc5441c00_0, 0, 4;
    %jmp T_1.18;
T_1.17 ;
    %pushi/vec4 6, 0, 4;
    %store/vec4 v0x55dbc5441c00_0, 0, 4;
    %jmp T_1.18;
T_1.18 ;
    %pop/vec4 1;
    %jmp T_1.15;
T_1.10 ;
    %pushi/vec4 3, 0, 4;
    %store/vec4 v0x55dbc5441c00_0, 0, 4;
    %jmp T_1.15;
T_1.11 ;
    %pushi/vec4 9, 0, 4;
    %store/vec4 v0x55dbc5441c00_0, 0, 4;
    %jmp T_1.15;
T_1.12 ;
    %load/vec4 v0x55dbc5442050_0;
    %dup/vec4;
    %pushi/vec4 0, 0, 7;
    %cmp/u;
    %jmp/1 T_1.19, 6;
    %dup/vec4;
    %pushi/vec4 32, 0, 7;
    %cmp/u;
    %jmp/1 T_1.20, 6;
    %jmp T_1.21;
T_1.19 ;
    %pushi/vec4 4, 0, 4;
    %store/vec4 v0x55dbc5441c00_0, 0, 4;
    %jmp T_1.21;
T_1.20 ;
    %pushi/vec4 5, 0, 4;
    %store/vec4 v0x55dbc5441c00_0, 0, 4;
    %jmp T_1.21;
T_1.21 ;
    %pop/vec4 1;
    %jmp T_1.15;
T_1.13 ;
    %pushi/vec4 1, 0, 4;
    %store/vec4 v0x55dbc5441c00_0, 0, 4;
    %jmp T_1.15;
T_1.14 ;
    %pushi/vec4 0, 0, 4;
    %store/vec4 v0x55dbc5441c00_0, 0, 4;
    %jmp T_1.15;
T_1.15 ;
    %pop/vec4 1;
    %jmp T_1.8;
T_1.3 ;
    %pushi/vec4 1, 0, 1;
    %store/vec4 v0x55dbc54422b0_0, 0, 1;
    %pushi/vec4 1, 0, 1;
    %store/vec4 v0x55dbc5442370_0, 0, 1;
    %pushi/vec4 1, 0, 1;
    %store/vec4 v0x55dbc54425d0_0, 0, 1;
    %pushi/vec4 1, 0, 1;
    %store/vec4 v0x55dbc5441ce0_0, 0, 1;
    %load/vec4 v0x55dbc5442c90_0;
    %parti/s 1, 31, 6;
    %replicate 52;
    %load/vec4 v0x55dbc5442c90_0;
    %parti/s 12, 20, 6;
    %concat/vec4; draw_concat_vec4
    %store/vec4 v0x55dbc5442bb0_0, 0, 64;
    %pushi/vec4 2, 0, 4;
    %store/vec4 v0x55dbc5441c00_0, 0, 4;
    %jmp T_1.8;
T_1.4 ;
    %pushi/vec4 1, 0, 1;
    %store/vec4 v0x55dbc54425d0_0, 0, 1;
    %pushi/vec4 1, 0, 1;
    %store/vec4 v0x55dbc5441ce0_0, 0, 1;
    %load/vec4 v0x55dbc5442c90_0;
    %parti/s 1, 31, 6;
    %replicate 52;
    %load/vec4 v0x55dbc5442c90_0;
    %parti/s 12, 20, 6;
    %concat/vec4; draw_concat_vec4
    %store/vec4 v0x55dbc5442bb0_0, 0, 64;
    %load/vec4 v0x55dbc5441f70_0;
    %dup/vec4;
    %pushi/vec4 0, 0, 3;
    %cmp/u;
    %jmp/1 T_1.22, 6;
    %dup/vec4;
    %pushi/vec4 1, 0, 3;
    %cmp/u;
    %jmp/1 T_1.23, 6;
    %dup/vec4;
    %pushi/vec4 4, 0, 3;
    %cmp/u;
    %jmp/1 T_1.24, 6;
    %dup/vec4;
    %pushi/vec4 5, 0, 3;
    %cmp/u;
    %jmp/1 T_1.25, 6;
    %dup/vec4;
    %pushi/vec4 6, 0, 3;
    %cmp/u;
    %jmp/1 T_1.26, 6;
    %dup/vec4;
    %pushi/vec4 7, 0, 3;
    %cmp/u;
    %jmp/1 T_1.27, 6;
    %jmp T_1.28;
T_1.22 ;
    %pushi/vec4 2, 0, 4;
    %store/vec4 v0x55dbc5441c00_0, 0, 4;
    %jmp T_1.28;
T_1.23 ;
    %pushi/vec4 3, 0, 4;
    %store/vec4 v0x55dbc5441c00_0, 0, 4;
    %jmp T_1.28;
T_1.24 ;
    %pushi/vec4 9, 0, 4;
    %store/vec4 v0x55dbc5441c00_0, 0, 4;
    %jmp T_1.28;
T_1.25 ;
    %load/vec4 v0x55dbc5442050_0;
    %dup/vec4;
    %pushi/vec4 0, 0, 7;
    %cmp/u;
    %jmp/1 T_1.29, 6;
    %dup/vec4;
    %pushi/vec4 32, 0, 7;
    %cmp/u;
    %jmp/1 T_1.30, 6;
    %jmp T_1.31;
T_1.29 ;
    %pushi/vec4 4, 0, 4;
    %store/vec4 v0x55dbc5441c00_0, 0, 4;
    %jmp T_1.31;
T_1.30 ;
    %pushi/vec4 5, 0, 4;
    %store/vec4 v0x55dbc5441c00_0, 0, 4;
    %jmp T_1.31;
T_1.31 ;
    %pop/vec4 1;
    %jmp T_1.28;
T_1.26 ;
    %pushi/vec4 1, 0, 4;
    %store/vec4 v0x55dbc5441c00_0, 0, 4;
    %jmp T_1.28;
T_1.27 ;
    %pushi/vec4 0, 0, 4;
    %store/vec4 v0x55dbc5441c00_0, 0, 4;
    %jmp T_1.28;
T_1.28 ;
    %pop/vec4 1;
    %jmp T_1.8;
T_1.5 ;
    %pushi/vec4 1, 0, 1;
    %store/vec4 v0x55dbc5441df0_0, 0, 1;
    %pushi/vec4 0, 0, 1;
    %store/vec4 v0x55dbc5441ce0_0, 0, 1;
    %load/vec4 v0x55dbc5442c90_0;
    %parti/s 1, 31, 6;
    %replicate 53;
    %load/vec4 v0x55dbc5442c90_0;
    %parti/s 1, 7, 4;
    %concat/vec4; draw_concat_vec4
    %load/vec4 v0x55dbc5442c90_0;
    %parti/s 6, 25, 6;
    %concat/vec4; draw_concat_vec4
    %load/vec4 v0x55dbc5442c90_0;
    %parti/s 4, 8, 5;
    %concat/vec4; draw_concat_vec4
    %concati/vec4 0, 0, 1;
    %pad/u 64;
    %store/vec4 v0x55dbc5442bb0_0, 0, 64;
    %load/vec4 v0x55dbc5441f70_0;
    %dup/vec4;
    %pushi/vec4 0, 0, 3;
    %cmp/u;
    %jmp/1 T_1.32, 6;
    %dup/vec4;
    %pushi/vec4 1, 0, 3;
    %cmp/u;
    %jmp/1 T_1.33, 6;
    %dup/vec4;
    %pushi/vec4 4, 0, 3;
    %cmp/u;
    %jmp/1 T_1.34, 6;
    %dup/vec4;
    %pushi/vec4 5, 0, 3;
    %cmp/u;
    %jmp/1 T_1.35, 6;
    %dup/vec4;
    %pushi/vec4 7, 0, 3;
    %cmp/u;
    %jmp/1 T_1.36, 6;
    %jmp T_1.37;
T_1.32 ;
    %pushi/vec4 10, 0, 4;
    %store/vec4 v0x55dbc5441c00_0, 0, 4;
    %jmp T_1.37;
T_1.33 ;
    %pushi/vec4 11, 0, 4;
    %store/vec4 v0x55dbc5441c00_0, 0, 4;
    %jmp T_1.37;
T_1.34 ;
    %pushi/vec4 10, 0, 4;
    %store/vec4 v0x55dbc5441c00_0, 0, 4;
    %jmp T_1.37;
T_1.35 ;
    %pushi/vec4 10, 0, 4;
    %store/vec4 v0x55dbc5441c00_0, 0, 4;
    %jmp T_1.37;
T_1.36 ;
    %pushi/vec4 7, 0, 4;
    %store/vec4 v0x55dbc5441c00_0, 0, 4;
    %jmp T_1.37;
T_1.37 ;
    %pop/vec4 1;
    %jmp T_1.8;
T_1.6 ;
    %pushi/vec4 1, 0, 1;
    %store/vec4 v0x55dbc5442430_0, 0, 1;
    %pushi/vec4 1, 0, 1;
    %store/vec4 v0x55dbc5441ce0_0, 0, 1;
    %load/vec4 v0x55dbc5442c90_0;
    %parti/s 1, 31, 6;
    %replicate 52;
    %load/vec4 v0x55dbc5442c90_0;
    %parti/s 7, 25, 6;
    %concat/vec4; draw_concat_vec4
    %load/vec4 v0x55dbc5442c90_0;
    %parti/s 5, 7, 4;
    %concat/vec4; draw_concat_vec4
    %store/vec4 v0x55dbc5442bb0_0, 0, 64;
    %pushi/vec4 2, 0, 4;
    %store/vec4 v0x55dbc5441c00_0, 0, 4;
    %jmp T_1.8;
T_1.8 ;
    %pop/vec4 1;
T_1.0 ;
    %jmp T_1;
    .thread T_1, $push;
    .scope S_0x55dbc5405d90;
T_2 ;
    %delay 5000, 0;
    %load/vec4 v0x55dbc5443510_0;
    %inv;
    %store/vec4 v0x55dbc5443510_0, 0, 1;
    %jmp T_2;
    .thread T_2;
    .scope S_0x55dbc5405d90;
T_3 ;
    %vpi_call 2 59 "$monitor", "PCWrite=%b, IF_ID_Write=%b, id_ex_Memread=%b, id_ex_MemtoReg=%b, id_ex_Regwrite=%b, id_ex_Memwrite=%b, id_ex_write=%b, id_ex_rs1=%d, id_ex_rs2=%d, id_ex_rd=%d, opcode=%b, alu_src=%b, alu_op=%b, branch=%b, imm=%d", v0x55dbc54431d0_0, v0x55dbc5443110_0, v0x55dbc5443780_0, v0x55dbc5443850_0, v0x55dbc5443ac0_0, v0x55dbc5443920_0, v0x55dbc5443e00_0, v0x55dbc5443c60_0, v0x55dbc5443d30_0, v0x55dbc5443b90_0, v0x55dbc5444210_0, v0x55dbc54433a0_0, v0x55dbc54432a0_0, v0x55dbc5443470_0, v0x55dbc5444070_0 {0 0 0};
    %pushi/vec4 0, 0, 1;
    %store/vec4 v0x55dbc5443510_0, 0, 1;
    %pushi/vec4 0, 0, 1;
    %store/vec4 v0x55dbc54436b0_0, 0, 1;
    %pushi/vec4 0, 0, 5;
    %store/vec4 v0x55dbc54439f0_0, 0, 5;
    %pushi/vec4 0, 0, 5;
    %store/vec4 v0x55dbc5443ed0_0, 0, 5;
    %pushi/vec4 0, 0, 5;
    %store/vec4 v0x55dbc5443fa0_0, 0, 5;
    %pushi/vec4 0, 0, 1;
    %store/vec4 v0x55dbc54435e0_0, 0, 1;
    %pushi/vec4 1114547, 0, 32;
    %store/vec4 v0x55dbc5444140_0, 0, 32;
    %delay 10000, 0;
    %pushi/vec4 5276051, 0, 32;
    %store/vec4 v0x55dbc5444140_0, 0, 32;
    %delay 10000, 0;
    %pushi/vec4 4235651, 0, 32;
    %store/vec4 v0x55dbc5444140_0, 0, 32;
    %delay 10000, 0;
    %pushi/vec4 3187235, 0, 32;
    %store/vec4 v0x55dbc5444140_0, 0, 32;
    %delay 10000, 0;
    %pushi/vec4 1114595, 0, 32;
    %store/vec4 v0x55dbc5444140_0, 0, 32;
    %delay 10000, 0;
    %pushi/vec4 1, 0, 1;
    %store/vec4 v0x55dbc54435e0_0, 0, 1;
    %delay 10000, 0;
    %pushi/vec4 0, 0, 1;
    %store/vec4 v0x55dbc54435e0_0, 0, 1;
    %vpi_call 2 94 "$finish" {0 0 0};
    %end;
    .thread T_3;
# The file index is used to find the file name in the following table.
:file_names 4;
    "N/A";
    "<interactive>";
    "decode_tb.v";
    "./decode.v";
