#! /usr/bin/vvp
:ivl_version "12.0 (stable)";
:ivl_delay_selection "TYPICAL";
:vpi_time_precision + 0;
:vpi_module "/usr/lib/x86_64-linux-gnu/ivl/system.vpi";
:vpi_module "/usr/lib/x86_64-linux-gnu/ivl/vhdl_sys.vpi";
:vpi_module "/usr/lib/x86_64-linux-gnu/ivl/vhdl_textio.vpi";
:vpi_module "/usr/lib/x86_64-linux-gnu/ivl/v2005_math.vpi";
:vpi_module "/usr/lib/x86_64-linux-gnu/ivl/va_math.vpi";
S_0x55dcae7af880 .scope module, "memory" "memory" 2 1;
 .timescale 0 0;
    .port_info 0 /INPUT 1 "clk";
    .port_info 1 /INPUT 5 "ex_mem_rd";
    .port_info 2 /INPUT 1 "ex_mem_Memwrite";
    .port_info 3 /INPUT 1 "ex_mem_Memread";
    .port_info 4 /INPUT 1 "ex_mem_MemtoReg";
    .port_info 5 /INPUT 1 "ex_mem_Regwrite";
    .port_info 6 /INPUT 64 "ex_mem_alu_result";
    .port_info 7 /INPUT 64 "ex_mem_rs2";
    .port_info 8 /OUTPUT 5 "mem_wb_rd";
    .port_info 9 /OUTPUT 1 "mem_wb_MemtoReg";
    .port_info 10 /OUTPUT 64 "mem_wb_alu_result";
    .port_info 11 /OUTPUT 64 "mem_wb_mem_data";
    .port_info 12 /OUTPUT 1 "mem_wb_RegWrite";
o0x7fd6635e9018 .functor BUFZ 1, C4<z>; HiZ drive
v0x55dcae781490_0 .net "clk", 0 0, o0x7fd6635e9018;  0 drivers
v0x55dcae7d9900 .array "data_memory", 255 0, 63 0;
o0x7fd6635ec048 .functor BUFZ 1, C4<z>; HiZ drive
v0x55dcae7dc1d0_0 .net "ex_mem_Memread", 0 0, o0x7fd6635ec048;  0 drivers
o0x7fd6635ec078 .functor BUFZ 1, C4<z>; HiZ drive
v0x55dcae7dc270_0 .net "ex_mem_MemtoReg", 0 0, o0x7fd6635ec078;  0 drivers
o0x7fd6635ec0a8 .functor BUFZ 1, C4<z>; HiZ drive
v0x55dcae7dc330_0 .net "ex_mem_Memwrite", 0 0, o0x7fd6635ec0a8;  0 drivers
o0x7fd6635ec0d8 .functor BUFZ 1, C4<z>; HiZ drive
v0x55dcae7dc440_0 .net "ex_mem_Regwrite", 0 0, o0x7fd6635ec0d8;  0 drivers
o0x7fd6635ec108 .functor BUFZ 64, C4<zzzzzzzzzzzzzzzzzzzzzzzzzzzzzzzzzzzzzzzzzzzzzzzzzzzzzzzzzzzzzzzz>; HiZ drive
v0x55dcae7dc500_0 .net "ex_mem_alu_result", 63 0, o0x7fd6635ec108;  0 drivers
o0x7fd6635ec138 .functor BUFZ 5, C4<zzzzz>; HiZ drive
v0x55dcae7dc5e0_0 .net "ex_mem_rd", 4 0, o0x7fd6635ec138;  0 drivers
o0x7fd6635ec168 .functor BUFZ 64, C4<zzzzzzzzzzzzzzzzzzzzzzzzzzzzzzzzzzzzzzzzzzzzzzzzzzzzzzzzzzzzzzzz>; HiZ drive
v0x55dcae7dc6c0_0 .net "ex_mem_rs2", 63 0, o0x7fd6635ec168;  0 drivers
v0x55dcae7dc7a0_0 .var "mem_wb_MemtoReg", 0 0;
v0x55dcae7dc860_0 .var "mem_wb_RegWrite", 0 0;
v0x55dcae7dc920_0 .var "mem_wb_alu_result", 63 0;
v0x55dcae7dca00_0 .var "mem_wb_mem_data", 63 0;
v0x55dcae7dcae0_0 .var "mem_wb_rd", 4 0;
E_0x55dcae7bbc30/0 .event anyedge, v0x55dcae7dc330_0, v0x55dcae7dc6c0_0, v0x55dcae7dc500_0, v0x55dcae7dc5e0_0;
v0x55dcae7d9900_0 .array/port v0x55dcae7d9900, 0;
E_0x55dcae7bbc30/1 .event anyedge, v0x55dcae7dc270_0, v0x55dcae7dc440_0, v0x55dcae7dc1d0_0, v0x55dcae7d9900_0;
v0x55dcae7d9900_1 .array/port v0x55dcae7d9900, 1;
v0x55dcae7d9900_2 .array/port v0x55dcae7d9900, 2;
v0x55dcae7d9900_3 .array/port v0x55dcae7d9900, 3;
v0x55dcae7d9900_4 .array/port v0x55dcae7d9900, 4;
E_0x55dcae7bbc30/2 .event anyedge, v0x55dcae7d9900_1, v0x55dcae7d9900_2, v0x55dcae7d9900_3, v0x55dcae7d9900_4;
v0x55dcae7d9900_5 .array/port v0x55dcae7d9900, 5;
v0x55dcae7d9900_6 .array/port v0x55dcae7d9900, 6;
v0x55dcae7d9900_7 .array/port v0x55dcae7d9900, 7;
v0x55dcae7d9900_8 .array/port v0x55dcae7d9900, 8;
E_0x55dcae7bbc30/3 .event anyedge, v0x55dcae7d9900_5, v0x55dcae7d9900_6, v0x55dcae7d9900_7, v0x55dcae7d9900_8;
v0x55dcae7d9900_9 .array/port v0x55dcae7d9900, 9;
v0x55dcae7d9900_10 .array/port v0x55dcae7d9900, 10;
v0x55dcae7d9900_11 .array/port v0x55dcae7d9900, 11;
v0x55dcae7d9900_12 .array/port v0x55dcae7d9900, 12;
E_0x55dcae7bbc30/4 .event anyedge, v0x55dcae7d9900_9, v0x55dcae7d9900_10, v0x55dcae7d9900_11, v0x55dcae7d9900_12;
v0x55dcae7d9900_13 .array/port v0x55dcae7d9900, 13;
v0x55dcae7d9900_14 .array/port v0x55dcae7d9900, 14;
v0x55dcae7d9900_15 .array/port v0x55dcae7d9900, 15;
v0x55dcae7d9900_16 .array/port v0x55dcae7d9900, 16;
E_0x55dcae7bbc30/5 .event anyedge, v0x55dcae7d9900_13, v0x55dcae7d9900_14, v0x55dcae7d9900_15, v0x55dcae7d9900_16;
v0x55dcae7d9900_17 .array/port v0x55dcae7d9900, 17;
v0x55dcae7d9900_18 .array/port v0x55dcae7d9900, 18;
v0x55dcae7d9900_19 .array/port v0x55dcae7d9900, 19;
v0x55dcae7d9900_20 .array/port v0x55dcae7d9900, 20;
E_0x55dcae7bbc30/6 .event anyedge, v0x55dcae7d9900_17, v0x55dcae7d9900_18, v0x55dcae7d9900_19, v0x55dcae7d9900_20;
v0x55dcae7d9900_21 .array/port v0x55dcae7d9900, 21;
v0x55dcae7d9900_22 .array/port v0x55dcae7d9900, 22;
v0x55dcae7d9900_23 .array/port v0x55dcae7d9900, 23;
v0x55dcae7d9900_24 .array/port v0x55dcae7d9900, 24;
E_0x55dcae7bbc30/7 .event anyedge, v0x55dcae7d9900_21, v0x55dcae7d9900_22, v0x55dcae7d9900_23, v0x55dcae7d9900_24;
v0x55dcae7d9900_25 .array/port v0x55dcae7d9900, 25;
v0x55dcae7d9900_26 .array/port v0x55dcae7d9900, 26;
v0x55dcae7d9900_27 .array/port v0x55dcae7d9900, 27;
v0x55dcae7d9900_28 .array/port v0x55dcae7d9900, 28;
E_0x55dcae7bbc30/8 .event anyedge, v0x55dcae7d9900_25, v0x55dcae7d9900_26, v0x55dcae7d9900_27, v0x55dcae7d9900_28;
v0x55dcae7d9900_29 .array/port v0x55dcae7d9900, 29;
v0x55dcae7d9900_30 .array/port v0x55dcae7d9900, 30;
v0x55dcae7d9900_31 .array/port v0x55dcae7d9900, 31;
v0x55dcae7d9900_32 .array/port v0x55dcae7d9900, 32;
E_0x55dcae7bbc30/9 .event anyedge, v0x55dcae7d9900_29, v0x55dcae7d9900_30, v0x55dcae7d9900_31, v0x55dcae7d9900_32;
v0x55dcae7d9900_33 .array/port v0x55dcae7d9900, 33;
v0x55dcae7d9900_34 .array/port v0x55dcae7d9900, 34;
v0x55dcae7d9900_35 .array/port v0x55dcae7d9900, 35;
v0x55dcae7d9900_36 .array/port v0x55dcae7d9900, 36;
E_0x55dcae7bbc30/10 .event anyedge, v0x55dcae7d9900_33, v0x55dcae7d9900_34, v0x55dcae7d9900_35, v0x55dcae7d9900_36;
v0x55dcae7d9900_37 .array/port v0x55dcae7d9900, 37;
v0x55dcae7d9900_38 .array/port v0x55dcae7d9900, 38;
v0x55dcae7d9900_39 .array/port v0x55dcae7d9900, 39;
v0x55dcae7d9900_40 .array/port v0x55dcae7d9900, 40;
E_0x55dcae7bbc30/11 .event anyedge, v0x55dcae7d9900_37, v0x55dcae7d9900_38, v0x55dcae7d9900_39, v0x55dcae7d9900_40;
v0x55dcae7d9900_41 .array/port v0x55dcae7d9900, 41;
v0x55dcae7d9900_42 .array/port v0x55dcae7d9900, 42;
v0x55dcae7d9900_43 .array/port v0x55dcae7d9900, 43;
v0x55dcae7d9900_44 .array/port v0x55dcae7d9900, 44;
E_0x55dcae7bbc30/12 .event anyedge, v0x55dcae7d9900_41, v0x55dcae7d9900_42, v0x55dcae7d9900_43, v0x55dcae7d9900_44;
v0x55dcae7d9900_45 .array/port v0x55dcae7d9900, 45;
v0x55dcae7d9900_46 .array/port v0x55dcae7d9900, 46;
v0x55dcae7d9900_47 .array/port v0x55dcae7d9900, 47;
v0x55dcae7d9900_48 .array/port v0x55dcae7d9900, 48;
E_0x55dcae7bbc30/13 .event anyedge, v0x55dcae7d9900_45, v0x55dcae7d9900_46, v0x55dcae7d9900_47, v0x55dcae7d9900_48;
v0x55dcae7d9900_49 .array/port v0x55dcae7d9900, 49;
v0x55dcae7d9900_50 .array/port v0x55dcae7d9900, 50;
v0x55dcae7d9900_51 .array/port v0x55dcae7d9900, 51;
v0x55dcae7d9900_52 .array/port v0x55dcae7d9900, 52;
E_0x55dcae7bbc30/14 .event anyedge, v0x55dcae7d9900_49, v0x55dcae7d9900_50, v0x55dcae7d9900_51, v0x55dcae7d9900_52;
v0x55dcae7d9900_53 .array/port v0x55dcae7d9900, 53;
v0x55dcae7d9900_54 .array/port v0x55dcae7d9900, 54;
v0x55dcae7d9900_55 .array/port v0x55dcae7d9900, 55;
v0x55dcae7d9900_56 .array/port v0x55dcae7d9900, 56;
E_0x55dcae7bbc30/15 .event anyedge, v0x55dcae7d9900_53, v0x55dcae7d9900_54, v0x55dcae7d9900_55, v0x55dcae7d9900_56;
v0x55dcae7d9900_57 .array/port v0x55dcae7d9900, 57;
v0x55dcae7d9900_58 .array/port v0x55dcae7d9900, 58;
v0x55dcae7d9900_59 .array/port v0x55dcae7d9900, 59;
v0x55dcae7d9900_60 .array/port v0x55dcae7d9900, 60;
E_0x55dcae7bbc30/16 .event anyedge, v0x55dcae7d9900_57, v0x55dcae7d9900_58, v0x55dcae7d9900_59, v0x55dcae7d9900_60;
v0x55dcae7d9900_61 .array/port v0x55dcae7d9900, 61;
v0x55dcae7d9900_62 .array/port v0x55dcae7d9900, 62;
v0x55dcae7d9900_63 .array/port v0x55dcae7d9900, 63;
v0x55dcae7d9900_64 .array/port v0x55dcae7d9900, 64;
E_0x55dcae7bbc30/17 .event anyedge, v0x55dcae7d9900_61, v0x55dcae7d9900_62, v0x55dcae7d9900_63, v0x55dcae7d9900_64;
v0x55dcae7d9900_65 .array/port v0x55dcae7d9900, 65;
v0x55dcae7d9900_66 .array/port v0x55dcae7d9900, 66;
v0x55dcae7d9900_67 .array/port v0x55dcae7d9900, 67;
v0x55dcae7d9900_68 .array/port v0x55dcae7d9900, 68;
E_0x55dcae7bbc30/18 .event anyedge, v0x55dcae7d9900_65, v0x55dcae7d9900_66, v0x55dcae7d9900_67, v0x55dcae7d9900_68;
v0x55dcae7d9900_69 .array/port v0x55dcae7d9900, 69;
v0x55dcae7d9900_70 .array/port v0x55dcae7d9900, 70;
v0x55dcae7d9900_71 .array/port v0x55dcae7d9900, 71;
v0x55dcae7d9900_72 .array/port v0x55dcae7d9900, 72;
E_0x55dcae7bbc30/19 .event anyedge, v0x55dcae7d9900_69, v0x55dcae7d9900_70, v0x55dcae7d9900_71, v0x55dcae7d9900_72;
v0x55dcae7d9900_73 .array/port v0x55dcae7d9900, 73;
v0x55dcae7d9900_74 .array/port v0x55dcae7d9900, 74;
v0x55dcae7d9900_75 .array/port v0x55dcae7d9900, 75;
v0x55dcae7d9900_76 .array/port v0x55dcae7d9900, 76;
E_0x55dcae7bbc30/20 .event anyedge, v0x55dcae7d9900_73, v0x55dcae7d9900_74, v0x55dcae7d9900_75, v0x55dcae7d9900_76;
v0x55dcae7d9900_77 .array/port v0x55dcae7d9900, 77;
v0x55dcae7d9900_78 .array/port v0x55dcae7d9900, 78;
v0x55dcae7d9900_79 .array/port v0x55dcae7d9900, 79;
v0x55dcae7d9900_80 .array/port v0x55dcae7d9900, 80;
E_0x55dcae7bbc30/21 .event anyedge, v0x55dcae7d9900_77, v0x55dcae7d9900_78, v0x55dcae7d9900_79, v0x55dcae7d9900_80;
v0x55dcae7d9900_81 .array/port v0x55dcae7d9900, 81;
v0x55dcae7d9900_82 .array/port v0x55dcae7d9900, 82;
v0x55dcae7d9900_83 .array/port v0x55dcae7d9900, 83;
v0x55dcae7d9900_84 .array/port v0x55dcae7d9900, 84;
E_0x55dcae7bbc30/22 .event anyedge, v0x55dcae7d9900_81, v0x55dcae7d9900_82, v0x55dcae7d9900_83, v0x55dcae7d9900_84;
v0x55dcae7d9900_85 .array/port v0x55dcae7d9900, 85;
v0x55dcae7d9900_86 .array/port v0x55dcae7d9900, 86;
v0x55dcae7d9900_87 .array/port v0x55dcae7d9900, 87;
v0x55dcae7d9900_88 .array/port v0x55dcae7d9900, 88;
E_0x55dcae7bbc30/23 .event anyedge, v0x55dcae7d9900_85, v0x55dcae7d9900_86, v0x55dcae7d9900_87, v0x55dcae7d9900_88;
v0x55dcae7d9900_89 .array/port v0x55dcae7d9900, 89;
v0x55dcae7d9900_90 .array/port v0x55dcae7d9900, 90;
v0x55dcae7d9900_91 .array/port v0x55dcae7d9900, 91;
v0x55dcae7d9900_92 .array/port v0x55dcae7d9900, 92;
E_0x55dcae7bbc30/24 .event anyedge, v0x55dcae7d9900_89, v0x55dcae7d9900_90, v0x55dcae7d9900_91, v0x55dcae7d9900_92;
v0x55dcae7d9900_93 .array/port v0x55dcae7d9900, 93;
v0x55dcae7d9900_94 .array/port v0x55dcae7d9900, 94;
v0x55dcae7d9900_95 .array/port v0x55dcae7d9900, 95;
v0x55dcae7d9900_96 .array/port v0x55dcae7d9900, 96;
E_0x55dcae7bbc30/25 .event anyedge, v0x55dcae7d9900_93, v0x55dcae7d9900_94, v0x55dcae7d9900_95, v0x55dcae7d9900_96;
v0x55dcae7d9900_97 .array/port v0x55dcae7d9900, 97;
v0x55dcae7d9900_98 .array/port v0x55dcae7d9900, 98;
v0x55dcae7d9900_99 .array/port v0x55dcae7d9900, 99;
v0x55dcae7d9900_100 .array/port v0x55dcae7d9900, 100;
E_0x55dcae7bbc30/26 .event anyedge, v0x55dcae7d9900_97, v0x55dcae7d9900_98, v0x55dcae7d9900_99, v0x55dcae7d9900_100;
v0x55dcae7d9900_101 .array/port v0x55dcae7d9900, 101;
v0x55dcae7d9900_102 .array/port v0x55dcae7d9900, 102;
v0x55dcae7d9900_103 .array/port v0x55dcae7d9900, 103;
v0x55dcae7d9900_104 .array/port v0x55dcae7d9900, 104;
E_0x55dcae7bbc30/27 .event anyedge, v0x55dcae7d9900_101, v0x55dcae7d9900_102, v0x55dcae7d9900_103, v0x55dcae7d9900_104;
v0x55dcae7d9900_105 .array/port v0x55dcae7d9900, 105;
v0x55dcae7d9900_106 .array/port v0x55dcae7d9900, 106;
v0x55dcae7d9900_107 .array/port v0x55dcae7d9900, 107;
v0x55dcae7d9900_108 .array/port v0x55dcae7d9900, 108;
E_0x55dcae7bbc30/28 .event anyedge, v0x55dcae7d9900_105, v0x55dcae7d9900_106, v0x55dcae7d9900_107, v0x55dcae7d9900_108;
v0x55dcae7d9900_109 .array/port v0x55dcae7d9900, 109;
v0x55dcae7d9900_110 .array/port v0x55dcae7d9900, 110;
v0x55dcae7d9900_111 .array/port v0x55dcae7d9900, 111;
v0x55dcae7d9900_112 .array/port v0x55dcae7d9900, 112;
E_0x55dcae7bbc30/29 .event anyedge, v0x55dcae7d9900_109, v0x55dcae7d9900_110, v0x55dcae7d9900_111, v0x55dcae7d9900_112;
v0x55dcae7d9900_113 .array/port v0x55dcae7d9900, 113;
v0x55dcae7d9900_114 .array/port v0x55dcae7d9900, 114;
v0x55dcae7d9900_115 .array/port v0x55dcae7d9900, 115;
v0x55dcae7d9900_116 .array/port v0x55dcae7d9900, 116;
E_0x55dcae7bbc30/30 .event anyedge, v0x55dcae7d9900_113, v0x55dcae7d9900_114, v0x55dcae7d9900_115, v0x55dcae7d9900_116;
v0x55dcae7d9900_117 .array/port v0x55dcae7d9900, 117;
v0x55dcae7d9900_118 .array/port v0x55dcae7d9900, 118;
v0x55dcae7d9900_119 .array/port v0x55dcae7d9900, 119;
v0x55dcae7d9900_120 .array/port v0x55dcae7d9900, 120;
E_0x55dcae7bbc30/31 .event anyedge, v0x55dcae7d9900_117, v0x55dcae7d9900_118, v0x55dcae7d9900_119, v0x55dcae7d9900_120;
v0x55dcae7d9900_121 .array/port v0x55dcae7d9900, 121;
v0x55dcae7d9900_122 .array/port v0x55dcae7d9900, 122;
v0x55dcae7d9900_123 .array/port v0x55dcae7d9900, 123;
v0x55dcae7d9900_124 .array/port v0x55dcae7d9900, 124;
E_0x55dcae7bbc30/32 .event anyedge, v0x55dcae7d9900_121, v0x55dcae7d9900_122, v0x55dcae7d9900_123, v0x55dcae7d9900_124;
v0x55dcae7d9900_125 .array/port v0x55dcae7d9900, 125;
v0x55dcae7d9900_126 .array/port v0x55dcae7d9900, 126;
v0x55dcae7d9900_127 .array/port v0x55dcae7d9900, 127;
v0x55dcae7d9900_128 .array/port v0x55dcae7d9900, 128;
E_0x55dcae7bbc30/33 .event anyedge, v0x55dcae7d9900_125, v0x55dcae7d9900_126, v0x55dcae7d9900_127, v0x55dcae7d9900_128;
v0x55dcae7d9900_129 .array/port v0x55dcae7d9900, 129;
v0x55dcae7d9900_130 .array/port v0x55dcae7d9900, 130;
v0x55dcae7d9900_131 .array/port v0x55dcae7d9900, 131;
v0x55dcae7d9900_132 .array/port v0x55dcae7d9900, 132;
E_0x55dcae7bbc30/34 .event anyedge, v0x55dcae7d9900_129, v0x55dcae7d9900_130, v0x55dcae7d9900_131, v0x55dcae7d9900_132;
v0x55dcae7d9900_133 .array/port v0x55dcae7d9900, 133;
v0x55dcae7d9900_134 .array/port v0x55dcae7d9900, 134;
v0x55dcae7d9900_135 .array/port v0x55dcae7d9900, 135;
v0x55dcae7d9900_136 .array/port v0x55dcae7d9900, 136;
E_0x55dcae7bbc30/35 .event anyedge, v0x55dcae7d9900_133, v0x55dcae7d9900_134, v0x55dcae7d9900_135, v0x55dcae7d9900_136;
v0x55dcae7d9900_137 .array/port v0x55dcae7d9900, 137;
v0x55dcae7d9900_138 .array/port v0x55dcae7d9900, 138;
v0x55dcae7d9900_139 .array/port v0x55dcae7d9900, 139;
v0x55dcae7d9900_140 .array/port v0x55dcae7d9900, 140;
E_0x55dcae7bbc30/36 .event anyedge, v0x55dcae7d9900_137, v0x55dcae7d9900_138, v0x55dcae7d9900_139, v0x55dcae7d9900_140;
v0x55dcae7d9900_141 .array/port v0x55dcae7d9900, 141;
v0x55dcae7d9900_142 .array/port v0x55dcae7d9900, 142;
v0x55dcae7d9900_143 .array/port v0x55dcae7d9900, 143;
v0x55dcae7d9900_144 .array/port v0x55dcae7d9900, 144;
E_0x55dcae7bbc30/37 .event anyedge, v0x55dcae7d9900_141, v0x55dcae7d9900_142, v0x55dcae7d9900_143, v0x55dcae7d9900_144;
v0x55dcae7d9900_145 .array/port v0x55dcae7d9900, 145;
v0x55dcae7d9900_146 .array/port v0x55dcae7d9900, 146;
v0x55dcae7d9900_147 .array/port v0x55dcae7d9900, 147;
v0x55dcae7d9900_148 .array/port v0x55dcae7d9900, 148;
E_0x55dcae7bbc30/38 .event anyedge, v0x55dcae7d9900_145, v0x55dcae7d9900_146, v0x55dcae7d9900_147, v0x55dcae7d9900_148;
v0x55dcae7d9900_149 .array/port v0x55dcae7d9900, 149;
v0x55dcae7d9900_150 .array/port v0x55dcae7d9900, 150;
v0x55dcae7d9900_151 .array/port v0x55dcae7d9900, 151;
v0x55dcae7d9900_152 .array/port v0x55dcae7d9900, 152;
E_0x55dcae7bbc30/39 .event anyedge, v0x55dcae7d9900_149, v0x55dcae7d9900_150, v0x55dcae7d9900_151, v0x55dcae7d9900_152;
v0x55dcae7d9900_153 .array/port v0x55dcae7d9900, 153;
v0x55dcae7d9900_154 .array/port v0x55dcae7d9900, 154;
v0x55dcae7d9900_155 .array/port v0x55dcae7d9900, 155;
v0x55dcae7d9900_156 .array/port v0x55dcae7d9900, 156;
E_0x55dcae7bbc30/40 .event anyedge, v0x55dcae7d9900_153, v0x55dcae7d9900_154, v0x55dcae7d9900_155, v0x55dcae7d9900_156;
v0x55dcae7d9900_157 .array/port v0x55dcae7d9900, 157;
v0x55dcae7d9900_158 .array/port v0x55dcae7d9900, 158;
v0x55dcae7d9900_159 .array/port v0x55dcae7d9900, 159;
v0x55dcae7d9900_160 .array/port v0x55dcae7d9900, 160;
E_0x55dcae7bbc30/41 .event anyedge, v0x55dcae7d9900_157, v0x55dcae7d9900_158, v0x55dcae7d9900_159, v0x55dcae7d9900_160;
v0x55dcae7d9900_161 .array/port v0x55dcae7d9900, 161;
v0x55dcae7d9900_162 .array/port v0x55dcae7d9900, 162;
v0x55dcae7d9900_163 .array/port v0x55dcae7d9900, 163;
v0x55dcae7d9900_164 .array/port v0x55dcae7d9900, 164;
E_0x55dcae7bbc30/42 .event anyedge, v0x55dcae7d9900_161, v0x55dcae7d9900_162, v0x55dcae7d9900_163, v0x55dcae7d9900_164;
v0x55dcae7d9900_165 .array/port v0x55dcae7d9900, 165;
v0x55dcae7d9900_166 .array/port v0x55dcae7d9900, 166;
v0x55dcae7d9900_167 .array/port v0x55dcae7d9900, 167;
v0x55dcae7d9900_168 .array/port v0x55dcae7d9900, 168;
E_0x55dcae7bbc30/43 .event anyedge, v0x55dcae7d9900_165, v0x55dcae7d9900_166, v0x55dcae7d9900_167, v0x55dcae7d9900_168;
v0x55dcae7d9900_169 .array/port v0x55dcae7d9900, 169;
v0x55dcae7d9900_170 .array/port v0x55dcae7d9900, 170;
v0x55dcae7d9900_171 .array/port v0x55dcae7d9900, 171;
v0x55dcae7d9900_172 .array/port v0x55dcae7d9900, 172;
E_0x55dcae7bbc30/44 .event anyedge, v0x55dcae7d9900_169, v0x55dcae7d9900_170, v0x55dcae7d9900_171, v0x55dcae7d9900_172;
v0x55dcae7d9900_173 .array/port v0x55dcae7d9900, 173;
v0x55dcae7d9900_174 .array/port v0x55dcae7d9900, 174;
v0x55dcae7d9900_175 .array/port v0x55dcae7d9900, 175;
v0x55dcae7d9900_176 .array/port v0x55dcae7d9900, 176;
E_0x55dcae7bbc30/45 .event anyedge, v0x55dcae7d9900_173, v0x55dcae7d9900_174, v0x55dcae7d9900_175, v0x55dcae7d9900_176;
v0x55dcae7d9900_177 .array/port v0x55dcae7d9900, 177;
v0x55dcae7d9900_178 .array/port v0x55dcae7d9900, 178;
v0x55dcae7d9900_179 .array/port v0x55dcae7d9900, 179;
v0x55dcae7d9900_180 .array/port v0x55dcae7d9900, 180;
E_0x55dcae7bbc30/46 .event anyedge, v0x55dcae7d9900_177, v0x55dcae7d9900_178, v0x55dcae7d9900_179, v0x55dcae7d9900_180;
v0x55dcae7d9900_181 .array/port v0x55dcae7d9900, 181;
v0x55dcae7d9900_182 .array/port v0x55dcae7d9900, 182;
v0x55dcae7d9900_183 .array/port v0x55dcae7d9900, 183;
v0x55dcae7d9900_184 .array/port v0x55dcae7d9900, 184;
E_0x55dcae7bbc30/47 .event anyedge, v0x55dcae7d9900_181, v0x55dcae7d9900_182, v0x55dcae7d9900_183, v0x55dcae7d9900_184;
v0x55dcae7d9900_185 .array/port v0x55dcae7d9900, 185;
v0x55dcae7d9900_186 .array/port v0x55dcae7d9900, 186;
v0x55dcae7d9900_187 .array/port v0x55dcae7d9900, 187;
v0x55dcae7d9900_188 .array/port v0x55dcae7d9900, 188;
E_0x55dcae7bbc30/48 .event anyedge, v0x55dcae7d9900_185, v0x55dcae7d9900_186, v0x55dcae7d9900_187, v0x55dcae7d9900_188;
v0x55dcae7d9900_189 .array/port v0x55dcae7d9900, 189;
v0x55dcae7d9900_190 .array/port v0x55dcae7d9900, 190;
v0x55dcae7d9900_191 .array/port v0x55dcae7d9900, 191;
v0x55dcae7d9900_192 .array/port v0x55dcae7d9900, 192;
E_0x55dcae7bbc30/49 .event anyedge, v0x55dcae7d9900_189, v0x55dcae7d9900_190, v0x55dcae7d9900_191, v0x55dcae7d9900_192;
v0x55dcae7d9900_193 .array/port v0x55dcae7d9900, 193;
v0x55dcae7d9900_194 .array/port v0x55dcae7d9900, 194;
v0x55dcae7d9900_195 .array/port v0x55dcae7d9900, 195;
v0x55dcae7d9900_196 .array/port v0x55dcae7d9900, 196;
E_0x55dcae7bbc30/50 .event anyedge, v0x55dcae7d9900_193, v0x55dcae7d9900_194, v0x55dcae7d9900_195, v0x55dcae7d9900_196;
v0x55dcae7d9900_197 .array/port v0x55dcae7d9900, 197;
v0x55dcae7d9900_198 .array/port v0x55dcae7d9900, 198;
v0x55dcae7d9900_199 .array/port v0x55dcae7d9900, 199;
v0x55dcae7d9900_200 .array/port v0x55dcae7d9900, 200;
E_0x55dcae7bbc30/51 .event anyedge, v0x55dcae7d9900_197, v0x55dcae7d9900_198, v0x55dcae7d9900_199, v0x55dcae7d9900_200;
v0x55dcae7d9900_201 .array/port v0x55dcae7d9900, 201;
v0x55dcae7d9900_202 .array/port v0x55dcae7d9900, 202;
v0x55dcae7d9900_203 .array/port v0x55dcae7d9900, 203;
v0x55dcae7d9900_204 .array/port v0x55dcae7d9900, 204;
E_0x55dcae7bbc30/52 .event anyedge, v0x55dcae7d9900_201, v0x55dcae7d9900_202, v0x55dcae7d9900_203, v0x55dcae7d9900_204;
v0x55dcae7d9900_205 .array/port v0x55dcae7d9900, 205;
v0x55dcae7d9900_206 .array/port v0x55dcae7d9900, 206;
v0x55dcae7d9900_207 .array/port v0x55dcae7d9900, 207;
v0x55dcae7d9900_208 .array/port v0x55dcae7d9900, 208;
E_0x55dcae7bbc30/53 .event anyedge, v0x55dcae7d9900_205, v0x55dcae7d9900_206, v0x55dcae7d9900_207, v0x55dcae7d9900_208;
v0x55dcae7d9900_209 .array/port v0x55dcae7d9900, 209;
v0x55dcae7d9900_210 .array/port v0x55dcae7d9900, 210;
v0x55dcae7d9900_211 .array/port v0x55dcae7d9900, 211;
v0x55dcae7d9900_212 .array/port v0x55dcae7d9900, 212;
E_0x55dcae7bbc30/54 .event anyedge, v0x55dcae7d9900_209, v0x55dcae7d9900_210, v0x55dcae7d9900_211, v0x55dcae7d9900_212;
v0x55dcae7d9900_213 .array/port v0x55dcae7d9900, 213;
v0x55dcae7d9900_214 .array/port v0x55dcae7d9900, 214;
v0x55dcae7d9900_215 .array/port v0x55dcae7d9900, 215;
v0x55dcae7d9900_216 .array/port v0x55dcae7d9900, 216;
E_0x55dcae7bbc30/55 .event anyedge, v0x55dcae7d9900_213, v0x55dcae7d9900_214, v0x55dcae7d9900_215, v0x55dcae7d9900_216;
v0x55dcae7d9900_217 .array/port v0x55dcae7d9900, 217;
v0x55dcae7d9900_218 .array/port v0x55dcae7d9900, 218;
v0x55dcae7d9900_219 .array/port v0x55dcae7d9900, 219;
v0x55dcae7d9900_220 .array/port v0x55dcae7d9900, 220;
E_0x55dcae7bbc30/56 .event anyedge, v0x55dcae7d9900_217, v0x55dcae7d9900_218, v0x55dcae7d9900_219, v0x55dcae7d9900_220;
v0x55dcae7d9900_221 .array/port v0x55dcae7d9900, 221;
v0x55dcae7d9900_222 .array/port v0x55dcae7d9900, 222;
v0x55dcae7d9900_223 .array/port v0x55dcae7d9900, 223;
v0x55dcae7d9900_224 .array/port v0x55dcae7d9900, 224;
E_0x55dcae7bbc30/57 .event anyedge, v0x55dcae7d9900_221, v0x55dcae7d9900_222, v0x55dcae7d9900_223, v0x55dcae7d9900_224;
v0x55dcae7d9900_225 .array/port v0x55dcae7d9900, 225;
v0x55dcae7d9900_226 .array/port v0x55dcae7d9900, 226;
v0x55dcae7d9900_227 .array/port v0x55dcae7d9900, 227;
v0x55dcae7d9900_228 .array/port v0x55dcae7d9900, 228;
E_0x55dcae7bbc30/58 .event anyedge, v0x55dcae7d9900_225, v0x55dcae7d9900_226, v0x55dcae7d9900_227, v0x55dcae7d9900_228;
v0x55dcae7d9900_229 .array/port v0x55dcae7d9900, 229;
v0x55dcae7d9900_230 .array/port v0x55dcae7d9900, 230;
v0x55dcae7d9900_231 .array/port v0x55dcae7d9900, 231;
v0x55dcae7d9900_232 .array/port v0x55dcae7d9900, 232;
E_0x55dcae7bbc30/59 .event anyedge, v0x55dcae7d9900_229, v0x55dcae7d9900_230, v0x55dcae7d9900_231, v0x55dcae7d9900_232;
v0x55dcae7d9900_233 .array/port v0x55dcae7d9900, 233;
v0x55dcae7d9900_234 .array/port v0x55dcae7d9900, 234;
v0x55dcae7d9900_235 .array/port v0x55dcae7d9900, 235;
v0x55dcae7d9900_236 .array/port v0x55dcae7d9900, 236;
E_0x55dcae7bbc30/60 .event anyedge, v0x55dcae7d9900_233, v0x55dcae7d9900_234, v0x55dcae7d9900_235, v0x55dcae7d9900_236;
v0x55dcae7d9900_237 .array/port v0x55dcae7d9900, 237;
v0x55dcae7d9900_238 .array/port v0x55dcae7d9900, 238;
v0x55dcae7d9900_239 .array/port v0x55dcae7d9900, 239;
v0x55dcae7d9900_240 .array/port v0x55dcae7d9900, 240;
E_0x55dcae7bbc30/61 .event anyedge, v0x55dcae7d9900_237, v0x55dcae7d9900_238, v0x55dcae7d9900_239, v0x55dcae7d9900_240;
v0x55dcae7d9900_241 .array/port v0x55dcae7d9900, 241;
v0x55dcae7d9900_242 .array/port v0x55dcae7d9900, 242;
v0x55dcae7d9900_243 .array/port v0x55dcae7d9900, 243;
v0x55dcae7d9900_244 .array/port v0x55dcae7d9900, 244;
E_0x55dcae7bbc30/62 .event anyedge, v0x55dcae7d9900_241, v0x55dcae7d9900_242, v0x55dcae7d9900_243, v0x55dcae7d9900_244;
v0x55dcae7d9900_245 .array/port v0x55dcae7d9900, 245;
v0x55dcae7d9900_246 .array/port v0x55dcae7d9900, 246;
v0x55dcae7d9900_247 .array/port v0x55dcae7d9900, 247;
v0x55dcae7d9900_248 .array/port v0x55dcae7d9900, 248;
E_0x55dcae7bbc30/63 .event anyedge, v0x55dcae7d9900_245, v0x55dcae7d9900_246, v0x55dcae7d9900_247, v0x55dcae7d9900_248;
v0x55dcae7d9900_249 .array/port v0x55dcae7d9900, 249;
v0x55dcae7d9900_250 .array/port v0x55dcae7d9900, 250;
v0x55dcae7d9900_251 .array/port v0x55dcae7d9900, 251;
v0x55dcae7d9900_252 .array/port v0x55dcae7d9900, 252;
E_0x55dcae7bbc30/64 .event anyedge, v0x55dcae7d9900_249, v0x55dcae7d9900_250, v0x55dcae7d9900_251, v0x55dcae7d9900_252;
v0x55dcae7d9900_253 .array/port v0x55dcae7d9900, 253;
v0x55dcae7d9900_254 .array/port v0x55dcae7d9900, 254;
v0x55dcae7d9900_255 .array/port v0x55dcae7d9900, 255;
E_0x55dcae7bbc30/65 .event anyedge, v0x55dcae7d9900_253, v0x55dcae7d9900_254, v0x55dcae7d9900_255;
E_0x55dcae7bbc30 .event/or E_0x55dcae7bbc30/0, E_0x55dcae7bbc30/1, E_0x55dcae7bbc30/2, E_0x55dcae7bbc30/3, E_0x55dcae7bbc30/4, E_0x55dcae7bbc30/5, E_0x55dcae7bbc30/6, E_0x55dcae7bbc30/7, E_0x55dcae7bbc30/8, E_0x55dcae7bbc30/9, E_0x55dcae7bbc30/10, E_0x55dcae7bbc30/11, E_0x55dcae7bbc30/12, E_0x55dcae7bbc30/13, E_0x55dcae7bbc30/14, E_0x55dcae7bbc30/15, E_0x55dcae7bbc30/16, E_0x55dcae7bbc30/17, E_0x55dcae7bbc30/18, E_0x55dcae7bbc30/19, E_0x55dcae7bbc30/20, E_0x55dcae7bbc30/21, E_0x55dcae7bbc30/22, E_0x55dcae7bbc30/23, E_0x55dcae7bbc30/24, E_0x55dcae7bbc30/25, E_0x55dcae7bbc30/26, E_0x55dcae7bbc30/27, E_0x55dcae7bbc30/28, E_0x55dcae7bbc30/29, E_0x55dcae7bbc30/30, E_0x55dcae7bbc30/31, E_0x55dcae7bbc30/32, E_0x55dcae7bbc30/33, E_0x55dcae7bbc30/34, E_0x55dcae7bbc30/35, E_0x55dcae7bbc30/36, E_0x55dcae7bbc30/37, E_0x55dcae7bbc30/38, E_0x55dcae7bbc30/39, E_0x55dcae7bbc30/40, E_0x55dcae7bbc30/41, E_0x55dcae7bbc30/42, E_0x55dcae7bbc30/43, E_0x55dcae7bbc30/44, E_0x55dcae7bbc30/45, E_0x55dcae7bbc30/46, E_0x55dcae7bbc30/47, E_0x55dcae7bbc30/48, E_0x55dcae7bbc30/49, E_0x55dcae7bbc30/50, E_0x55dcae7bbc30/51, E_0x55dcae7bbc30/52, E_0x55dcae7bbc30/53, E_0x55dcae7bbc30/54, E_0x55dcae7bbc30/55, E_0x55dcae7bbc30/56, E_0x55dcae7bbc30/57, E_0x55dcae7bbc30/58, E_0x55dcae7bbc30/59, E_0x55dcae7bbc30/60, E_0x55dcae7bbc30/61, E_0x55dcae7bbc30/62, E_0x55dcae7bbc30/63, E_0x55dcae7bbc30/64, E_0x55dcae7bbc30/65;
    .scope S_0x55dcae7af880;
T_0 ;
    %pushi/vec4 10, 0, 64;
    %ix/load 4, 0, 0;
    %flag_set/imm 4, 0;
    %store/vec4a v0x55dcae7d9900, 4, 0;
    %pushi/vec4 90, 0, 64;
    %ix/load 4, 1, 0;
    %flag_set/imm 4, 0;
    %store/vec4a v0x55dcae7d9900, 4, 0;
    %pushi/vec4 6, 0, 64;
    %ix/load 4, 2, 0;
    %flag_set/imm 4, 0;
    %store/vec4a v0x55dcae7d9900, 4, 0;
    %end;
    .thread T_0;
    .scope S_0x55dcae7af880;
T_1 ;
    %wait E_0x55dcae7bbc30;
    %load/vec4 v0x55dcae7dc330_0;
    %flag_set/vec4 8;
    %jmp/0xz  T_1.0, 8;
    %load/vec4 v0x55dcae7dc6c0_0;
    %load/vec4 v0x55dcae7dc500_0;
    %parti/s 8, 0, 2;
    %pad/u 10;
    %ix/vec4 3;
    %ix/load 4, 0, 0; Constant delay
    %assign/vec4/a/d v0x55dcae7d9900, 0, 4;
T_1.0 ;
    %load/vec4 v0x55dcae7dc5e0_0;
    %assign/vec4 v0x55dcae7dcae0_0, 0;
    %load/vec4 v0x55dcae7dc270_0;
    %assign/vec4 v0x55dcae7dc7a0_0, 0;
    %load/vec4 v0x55dcae7dc500_0;
    %assign/vec4 v0x55dcae7dc920_0, 0;
    %load/vec4 v0x55dcae7dc440_0;
    %assign/vec4 v0x55dcae7dc860_0, 0;
    %load/vec4 v0x55dcae7dc1d0_0;
    %flag_set/vec4 8;
    %jmp/0xz  T_1.2, 8;
    %ix/getv 4, v0x55dcae7dc500_0;
    %load/vec4a v0x55dcae7d9900, 4;
    %assign/vec4 v0x55dcae7dca00_0, 0;
    %jmp T_1.3;
T_1.2 ;
    %pushi/vec4 0, 0, 64;
    %assign/vec4 v0x55dcae7dca00_0, 0;
T_1.3 ;
    %vpi_call 2 47 "$display", "Memory Values: %d, %d, %d", &A<v0x55dcae7d9900, 0>, &A<v0x55dcae7d9900, 1>, &A<v0x55dcae7d9900, 2> {0 0 0};
    %jmp T_1;
    .thread T_1, $push;
# The file index is used to find the file name in the following table.
:file_names 3;
    "N/A";
    "<interactive>";
    "memory.v";
