#! /usr/bin/vvp
:ivl_version "12.0 (stable)";
:ivl_delay_selection "TYPICAL";
:vpi_time_precision - 12;
:vpi_module "/usr/lib/x86_64-linux-gnu/ivl/system.vpi";
:vpi_module "/usr/lib/x86_64-linux-gnu/ivl/vhdl_sys.vpi";
:vpi_module "/usr/lib/x86_64-linux-gnu/ivl/vhdl_textio.vpi";
:vpi_module "/usr/lib/x86_64-linux-gnu/ivl/v2005_math.vpi";
:vpi_module "/usr/lib/x86_64-linux-gnu/ivl/va_math.vpi";
S_0x5598b9dafc50 .scope module, "memory_tb" "memory_tb" 2 3;
 .timescale -9 -12;
v0x5598b9dd6ef0_0 .var "clk", 0 0;
v0x5598b9dd6fb0_0 .var "ex_mem_Memread", 0 0;
v0x5598b9dd7050_0 .var "ex_mem_MemtoReg", 0 0;
v0x5598b9dd70f0_0 .var "ex_mem_Memwrite", 0 0;
v0x5598b9dd7190_0 .var "ex_mem_Regwrite", 0 0;
v0x5598b9dd7230_0 .var "ex_mem_alu_result", 63 0;
v0x5598b9dd72d0_0 .var "ex_mem_rd", 4 0;
v0x5598b9dd7370_0 .var "ex_mem_rs2", 63 0;
v0x5598b9dd7440_0 .net "mem_wb_MemtoReg", 0 0, v0x5598b9dd6930_0;  1 drivers
v0x5598b9dd7510_0 .net "mem_wb_RegWrite", 0 0, v0x5598b9dd69f0_0;  1 drivers
v0x5598b9dd75e0_0 .net "mem_wb_alu_result", 63 0, v0x5598b9dd6ab0_0;  1 drivers
v0x5598b9dd76b0_0 .net "mem_wb_mem_data", 63 0, v0x5598b9dd6b90_0;  1 drivers
v0x5598b9dd7780_0 .net "mem_wb_rd", 4 0, v0x5598b9dd6c70_0;  1 drivers
S_0x5598b9dafde0 .scope module, "uut" "memory" 2 22, 3 1 0, S_0x5598b9dafc50;
 .timescale -9 -12;
    .port_info 0 /INPUT 1 "clk";
    .port_info 1 /INPUT 5 "ex_mem_rd";
    .port_info 2 /INPUT 1 "ex_mem_Memwrite";
    .port_info 3 /INPUT 1 "ex_mem_Memread";
    .port_info 4 /INPUT 1 "ex_mem_MemtoReg";
    .port_info 5 /INPUT 1 "ex_mem_Regwrite";
    .port_info 6 /INPUT 64 "ex_mem_alu_result";
    .port_info 7 /INPUT 64 "ex_mem_rs2";
    .port_info 8 /OUTPUT 5 "mem_wb_rd";
    .port_info 9 /OUTPUT 1 "mem_wb_MemtoReg";
    .port_info 10 /OUTPUT 64 "mem_wb_alu_result";
    .port_info 11 /OUTPUT 64 "mem_wb_mem_data";
    .port_info 12 /OUTPUT 1 "mem_wb_RegWrite";
v0x5598b9daffc0_0 .net "clk", 0 0, v0x5598b9dd6ef0_0;  1 drivers
v0x5598b9dd3a90 .array "data_memory", 255 0, 63 0;
v0x5598b9dd6360_0 .net "ex_mem_Memread", 0 0, v0x5598b9dd6fb0_0;  1 drivers
v0x5598b9dd6400_0 .net "ex_mem_MemtoReg", 0 0, v0x5598b9dd7050_0;  1 drivers
v0x5598b9dd64c0_0 .net "ex_mem_Memwrite", 0 0, v0x5598b9dd70f0_0;  1 drivers
v0x5598b9dd65d0_0 .net "ex_mem_Regwrite", 0 0, v0x5598b9dd7190_0;  1 drivers
v0x5598b9dd6690_0 .net "ex_mem_alu_result", 63 0, v0x5598b9dd7230_0;  1 drivers
v0x5598b9dd6770_0 .net "ex_mem_rd", 4 0, v0x5598b9dd72d0_0;  1 drivers
v0x5598b9dd6850_0 .net "ex_mem_rs2", 63 0, v0x5598b9dd7370_0;  1 drivers
v0x5598b9dd6930_0 .var "mem_wb_MemtoReg", 0 0;
v0x5598b9dd69f0_0 .var "mem_wb_RegWrite", 0 0;
v0x5598b9dd6ab0_0 .var "mem_wb_alu_result", 63 0;
v0x5598b9dd6b90_0 .var "mem_wb_mem_data", 63 0;
v0x5598b9dd6c70_0 .var "mem_wb_rd", 4 0;
E_0x5598b9dabc90/0 .event anyedge, v0x5598b9dd64c0_0, v0x5598b9dd6850_0, v0x5598b9dd6690_0, v0x5598b9dd6770_0;
v0x5598b9dd3a90_0 .array/port v0x5598b9dd3a90, 0;
E_0x5598b9dabc90/1 .event anyedge, v0x5598b9dd6400_0, v0x5598b9dd65d0_0, v0x5598b9dd6360_0, v0x5598b9dd3a90_0;
v0x5598b9dd3a90_1 .array/port v0x5598b9dd3a90, 1;
v0x5598b9dd3a90_2 .array/port v0x5598b9dd3a90, 2;
v0x5598b9dd3a90_3 .array/port v0x5598b9dd3a90, 3;
v0x5598b9dd3a90_4 .array/port v0x5598b9dd3a90, 4;
E_0x5598b9dabc90/2 .event anyedge, v0x5598b9dd3a90_1, v0x5598b9dd3a90_2, v0x5598b9dd3a90_3, v0x5598b9dd3a90_4;
v0x5598b9dd3a90_5 .array/port v0x5598b9dd3a90, 5;
v0x5598b9dd3a90_6 .array/port v0x5598b9dd3a90, 6;
v0x5598b9dd3a90_7 .array/port v0x5598b9dd3a90, 7;
v0x5598b9dd3a90_8 .array/port v0x5598b9dd3a90, 8;
E_0x5598b9dabc90/3 .event anyedge, v0x5598b9dd3a90_5, v0x5598b9dd3a90_6, v0x5598b9dd3a90_7, v0x5598b9dd3a90_8;
v0x5598b9dd3a90_9 .array/port v0x5598b9dd3a90, 9;
v0x5598b9dd3a90_10 .array/port v0x5598b9dd3a90, 10;
v0x5598b9dd3a90_11 .array/port v0x5598b9dd3a90, 11;
v0x5598b9dd3a90_12 .array/port v0x5598b9dd3a90, 12;
E_0x5598b9dabc90/4 .event anyedge, v0x5598b9dd3a90_9, v0x5598b9dd3a90_10, v0x5598b9dd3a90_11, v0x5598b9dd3a90_12;
v0x5598b9dd3a90_13 .array/port v0x5598b9dd3a90, 13;
v0x5598b9dd3a90_14 .array/port v0x5598b9dd3a90, 14;
v0x5598b9dd3a90_15 .array/port v0x5598b9dd3a90, 15;
v0x5598b9dd3a90_16 .array/port v0x5598b9dd3a90, 16;
E_0x5598b9dabc90/5 .event anyedge, v0x5598b9dd3a90_13, v0x5598b9dd3a90_14, v0x5598b9dd3a90_15, v0x5598b9dd3a90_16;
v0x5598b9dd3a90_17 .array/port v0x5598b9dd3a90, 17;
v0x5598b9dd3a90_18 .array/port v0x5598b9dd3a90, 18;
v0x5598b9dd3a90_19 .array/port v0x5598b9dd3a90, 19;
v0x5598b9dd3a90_20 .array/port v0x5598b9dd3a90, 20;
E_0x5598b9dabc90/6 .event anyedge, v0x5598b9dd3a90_17, v0x5598b9dd3a90_18, v0x5598b9dd3a90_19, v0x5598b9dd3a90_20;
v0x5598b9dd3a90_21 .array/port v0x5598b9dd3a90, 21;
v0x5598b9dd3a90_22 .array/port v0x5598b9dd3a90, 22;
v0x5598b9dd3a90_23 .array/port v0x5598b9dd3a90, 23;
v0x5598b9dd3a90_24 .array/port v0x5598b9dd3a90, 24;
E_0x5598b9dabc90/7 .event anyedge, v0x5598b9dd3a90_21, v0x5598b9dd3a90_22, v0x5598b9dd3a90_23, v0x5598b9dd3a90_24;
v0x5598b9dd3a90_25 .array/port v0x5598b9dd3a90, 25;
v0x5598b9dd3a90_26 .array/port v0x5598b9dd3a90, 26;
v0x5598b9dd3a90_27 .array/port v0x5598b9dd3a90, 27;
v0x5598b9dd3a90_28 .array/port v0x5598b9dd3a90, 28;
E_0x5598b9dabc90/8 .event anyedge, v0x5598b9dd3a90_25, v0x5598b9dd3a90_26, v0x5598b9dd3a90_27, v0x5598b9dd3a90_28;
v0x5598b9dd3a90_29 .array/port v0x5598b9dd3a90, 29;
v0x5598b9dd3a90_30 .array/port v0x5598b9dd3a90, 30;
v0x5598b9dd3a90_31 .array/port v0x5598b9dd3a90, 31;
v0x5598b9dd3a90_32 .array/port v0x5598b9dd3a90, 32;
E_0x5598b9dabc90/9 .event anyedge, v0x5598b9dd3a90_29, v0x5598b9dd3a90_30, v0x5598b9dd3a90_31, v0x5598b9dd3a90_32;
v0x5598b9dd3a90_33 .array/port v0x5598b9dd3a90, 33;
v0x5598b9dd3a90_34 .array/port v0x5598b9dd3a90, 34;
v0x5598b9dd3a90_35 .array/port v0x5598b9dd3a90, 35;
v0x5598b9dd3a90_36 .array/port v0x5598b9dd3a90, 36;
E_0x5598b9dabc90/10 .event anyedge, v0x5598b9dd3a90_33, v0x5598b9dd3a90_34, v0x5598b9dd3a90_35, v0x5598b9dd3a90_36;
v0x5598b9dd3a90_37 .array/port v0x5598b9dd3a90, 37;
v0x5598b9dd3a90_38 .array/port v0x5598b9dd3a90, 38;
v0x5598b9dd3a90_39 .array/port v0x5598b9dd3a90, 39;
v0x5598b9dd3a90_40 .array/port v0x5598b9dd3a90, 40;
E_0x5598b9dabc90/11 .event anyedge, v0x5598b9dd3a90_37, v0x5598b9dd3a90_38, v0x5598b9dd3a90_39, v0x5598b9dd3a90_40;
v0x5598b9dd3a90_41 .array/port v0x5598b9dd3a90, 41;
v0x5598b9dd3a90_42 .array/port v0x5598b9dd3a90, 42;
v0x5598b9dd3a90_43 .array/port v0x5598b9dd3a90, 43;
v0x5598b9dd3a90_44 .array/port v0x5598b9dd3a90, 44;
E_0x5598b9dabc90/12 .event anyedge, v0x5598b9dd3a90_41, v0x5598b9dd3a90_42, v0x5598b9dd3a90_43, v0x5598b9dd3a90_44;
v0x5598b9dd3a90_45 .array/port v0x5598b9dd3a90, 45;
v0x5598b9dd3a90_46 .array/port v0x5598b9dd3a90, 46;
v0x5598b9dd3a90_47 .array/port v0x5598b9dd3a90, 47;
v0x5598b9dd3a90_48 .array/port v0x5598b9dd3a90, 48;
E_0x5598b9dabc90/13 .event anyedge, v0x5598b9dd3a90_45, v0x5598b9dd3a90_46, v0x5598b9dd3a90_47, v0x5598b9dd3a90_48;
v0x5598b9dd3a90_49 .array/port v0x5598b9dd3a90, 49;
v0x5598b9dd3a90_50 .array/port v0x5598b9dd3a90, 50;
v0x5598b9dd3a90_51 .array/port v0x5598b9dd3a90, 51;
v0x5598b9dd3a90_52 .array/port v0x5598b9dd3a90, 52;
E_0x5598b9dabc90/14 .event anyedge, v0x5598b9dd3a90_49, v0x5598b9dd3a90_50, v0x5598b9dd3a90_51, v0x5598b9dd3a90_52;
v0x5598b9dd3a90_53 .array/port v0x5598b9dd3a90, 53;
v0x5598b9dd3a90_54 .array/port v0x5598b9dd3a90, 54;
v0x5598b9dd3a90_55 .array/port v0x5598b9dd3a90, 55;
v0x5598b9dd3a90_56 .array/port v0x5598b9dd3a90, 56;
E_0x5598b9dabc90/15 .event anyedge, v0x5598b9dd3a90_53, v0x5598b9dd3a90_54, v0x5598b9dd3a90_55, v0x5598b9dd3a90_56;
v0x5598b9dd3a90_57 .array/port v0x5598b9dd3a90, 57;
v0x5598b9dd3a90_58 .array/port v0x5598b9dd3a90, 58;
v0x5598b9dd3a90_59 .array/port v0x5598b9dd3a90, 59;
v0x5598b9dd3a90_60 .array/port v0x5598b9dd3a90, 60;
E_0x5598b9dabc90/16 .event anyedge, v0x5598b9dd3a90_57, v0x5598b9dd3a90_58, v0x5598b9dd3a90_59, v0x5598b9dd3a90_60;
v0x5598b9dd3a90_61 .array/port v0x5598b9dd3a90, 61;
v0x5598b9dd3a90_62 .array/port v0x5598b9dd3a90, 62;
v0x5598b9dd3a90_63 .array/port v0x5598b9dd3a90, 63;
v0x5598b9dd3a90_64 .array/port v0x5598b9dd3a90, 64;
E_0x5598b9dabc90/17 .event anyedge, v0x5598b9dd3a90_61, v0x5598b9dd3a90_62, v0x5598b9dd3a90_63, v0x5598b9dd3a90_64;
v0x5598b9dd3a90_65 .array/port v0x5598b9dd3a90, 65;
v0x5598b9dd3a90_66 .array/port v0x5598b9dd3a90, 66;
v0x5598b9dd3a90_67 .array/port v0x5598b9dd3a90, 67;
v0x5598b9dd3a90_68 .array/port v0x5598b9dd3a90, 68;
E_0x5598b9dabc90/18 .event anyedge, v0x5598b9dd3a90_65, v0x5598b9dd3a90_66, v0x5598b9dd3a90_67, v0x5598b9dd3a90_68;
v0x5598b9dd3a90_69 .array/port v0x5598b9dd3a90, 69;
v0x5598b9dd3a90_70 .array/port v0x5598b9dd3a90, 70;
v0x5598b9dd3a90_71 .array/port v0x5598b9dd3a90, 71;
v0x5598b9dd3a90_72 .array/port v0x5598b9dd3a90, 72;
E_0x5598b9dabc90/19 .event anyedge, v0x5598b9dd3a90_69, v0x5598b9dd3a90_70, v0x5598b9dd3a90_71, v0x5598b9dd3a90_72;
v0x5598b9dd3a90_73 .array/port v0x5598b9dd3a90, 73;
v0x5598b9dd3a90_74 .array/port v0x5598b9dd3a90, 74;
v0x5598b9dd3a90_75 .array/port v0x5598b9dd3a90, 75;
v0x5598b9dd3a90_76 .array/port v0x5598b9dd3a90, 76;
E_0x5598b9dabc90/20 .event anyedge, v0x5598b9dd3a90_73, v0x5598b9dd3a90_74, v0x5598b9dd3a90_75, v0x5598b9dd3a90_76;
v0x5598b9dd3a90_77 .array/port v0x5598b9dd3a90, 77;
v0x5598b9dd3a90_78 .array/port v0x5598b9dd3a90, 78;
v0x5598b9dd3a90_79 .array/port v0x5598b9dd3a90, 79;
v0x5598b9dd3a90_80 .array/port v0x5598b9dd3a90, 80;
E_0x5598b9dabc90/21 .event anyedge, v0x5598b9dd3a90_77, v0x5598b9dd3a90_78, v0x5598b9dd3a90_79, v0x5598b9dd3a90_80;
v0x5598b9dd3a90_81 .array/port v0x5598b9dd3a90, 81;
v0x5598b9dd3a90_82 .array/port v0x5598b9dd3a90, 82;
v0x5598b9dd3a90_83 .array/port v0x5598b9dd3a90, 83;
v0x5598b9dd3a90_84 .array/port v0x5598b9dd3a90, 84;
E_0x5598b9dabc90/22 .event anyedge, v0x5598b9dd3a90_81, v0x5598b9dd3a90_82, v0x5598b9dd3a90_83, v0x5598b9dd3a90_84;
v0x5598b9dd3a90_85 .array/port v0x5598b9dd3a90, 85;
v0x5598b9dd3a90_86 .array/port v0x5598b9dd3a90, 86;
v0x5598b9dd3a90_87 .array/port v0x5598b9dd3a90, 87;
v0x5598b9dd3a90_88 .array/port v0x5598b9dd3a90, 88;
E_0x5598b9dabc90/23 .event anyedge, v0x5598b9dd3a90_85, v0x5598b9dd3a90_86, v0x5598b9dd3a90_87, v0x5598b9dd3a90_88;
v0x5598b9dd3a90_89 .array/port v0x5598b9dd3a90, 89;
v0x5598b9dd3a90_90 .array/port v0x5598b9dd3a90, 90;
v0x5598b9dd3a90_91 .array/port v0x5598b9dd3a90, 91;
v0x5598b9dd3a90_92 .array/port v0x5598b9dd3a90, 92;
E_0x5598b9dabc90/24 .event anyedge, v0x5598b9dd3a90_89, v0x5598b9dd3a90_90, v0x5598b9dd3a90_91, v0x5598b9dd3a90_92;
v0x5598b9dd3a90_93 .array/port v0x5598b9dd3a90, 93;
v0x5598b9dd3a90_94 .array/port v0x5598b9dd3a90, 94;
v0x5598b9dd3a90_95 .array/port v0x5598b9dd3a90, 95;
v0x5598b9dd3a90_96 .array/port v0x5598b9dd3a90, 96;
E_0x5598b9dabc90/25 .event anyedge, v0x5598b9dd3a90_93, v0x5598b9dd3a90_94, v0x5598b9dd3a90_95, v0x5598b9dd3a90_96;
v0x5598b9dd3a90_97 .array/port v0x5598b9dd3a90, 97;
v0x5598b9dd3a90_98 .array/port v0x5598b9dd3a90, 98;
v0x5598b9dd3a90_99 .array/port v0x5598b9dd3a90, 99;
v0x5598b9dd3a90_100 .array/port v0x5598b9dd3a90, 100;
E_0x5598b9dabc90/26 .event anyedge, v0x5598b9dd3a90_97, v0x5598b9dd3a90_98, v0x5598b9dd3a90_99, v0x5598b9dd3a90_100;
v0x5598b9dd3a90_101 .array/port v0x5598b9dd3a90, 101;
v0x5598b9dd3a90_102 .array/port v0x5598b9dd3a90, 102;
v0x5598b9dd3a90_103 .array/port v0x5598b9dd3a90, 103;
v0x5598b9dd3a90_104 .array/port v0x5598b9dd3a90, 104;
E_0x5598b9dabc90/27 .event anyedge, v0x5598b9dd3a90_101, v0x5598b9dd3a90_102, v0x5598b9dd3a90_103, v0x5598b9dd3a90_104;
v0x5598b9dd3a90_105 .array/port v0x5598b9dd3a90, 105;
v0x5598b9dd3a90_106 .array/port v0x5598b9dd3a90, 106;
v0x5598b9dd3a90_107 .array/port v0x5598b9dd3a90, 107;
v0x5598b9dd3a90_108 .array/port v0x5598b9dd3a90, 108;
E_0x5598b9dabc90/28 .event anyedge, v0x5598b9dd3a90_105, v0x5598b9dd3a90_106, v0x5598b9dd3a90_107, v0x5598b9dd3a90_108;
v0x5598b9dd3a90_109 .array/port v0x5598b9dd3a90, 109;
v0x5598b9dd3a90_110 .array/port v0x5598b9dd3a90, 110;
v0x5598b9dd3a90_111 .array/port v0x5598b9dd3a90, 111;
v0x5598b9dd3a90_112 .array/port v0x5598b9dd3a90, 112;
E_0x5598b9dabc90/29 .event anyedge, v0x5598b9dd3a90_109, v0x5598b9dd3a90_110, v0x5598b9dd3a90_111, v0x5598b9dd3a90_112;
v0x5598b9dd3a90_113 .array/port v0x5598b9dd3a90, 113;
v0x5598b9dd3a90_114 .array/port v0x5598b9dd3a90, 114;
v0x5598b9dd3a90_115 .array/port v0x5598b9dd3a90, 115;
v0x5598b9dd3a90_116 .array/port v0x5598b9dd3a90, 116;
E_0x5598b9dabc90/30 .event anyedge, v0x5598b9dd3a90_113, v0x5598b9dd3a90_114, v0x5598b9dd3a90_115, v0x5598b9dd3a90_116;
v0x5598b9dd3a90_117 .array/port v0x5598b9dd3a90, 117;
v0x5598b9dd3a90_118 .array/port v0x5598b9dd3a90, 118;
v0x5598b9dd3a90_119 .array/port v0x5598b9dd3a90, 119;
v0x5598b9dd3a90_120 .array/port v0x5598b9dd3a90, 120;
E_0x5598b9dabc90/31 .event anyedge, v0x5598b9dd3a90_117, v0x5598b9dd3a90_118, v0x5598b9dd3a90_119, v0x5598b9dd3a90_120;
v0x5598b9dd3a90_121 .array/port v0x5598b9dd3a90, 121;
v0x5598b9dd3a90_122 .array/port v0x5598b9dd3a90, 122;
v0x5598b9dd3a90_123 .array/port v0x5598b9dd3a90, 123;
v0x5598b9dd3a90_124 .array/port v0x5598b9dd3a90, 124;
E_0x5598b9dabc90/32 .event anyedge, v0x5598b9dd3a90_121, v0x5598b9dd3a90_122, v0x5598b9dd3a90_123, v0x5598b9dd3a90_124;
v0x5598b9dd3a90_125 .array/port v0x5598b9dd3a90, 125;
v0x5598b9dd3a90_126 .array/port v0x5598b9dd3a90, 126;
v0x5598b9dd3a90_127 .array/port v0x5598b9dd3a90, 127;
v0x5598b9dd3a90_128 .array/port v0x5598b9dd3a90, 128;
E_0x5598b9dabc90/33 .event anyedge, v0x5598b9dd3a90_125, v0x5598b9dd3a90_126, v0x5598b9dd3a90_127, v0x5598b9dd3a90_128;
v0x5598b9dd3a90_129 .array/port v0x5598b9dd3a90, 129;
v0x5598b9dd3a90_130 .array/port v0x5598b9dd3a90, 130;
v0x5598b9dd3a90_131 .array/port v0x5598b9dd3a90, 131;
v0x5598b9dd3a90_132 .array/port v0x5598b9dd3a90, 132;
E_0x5598b9dabc90/34 .event anyedge, v0x5598b9dd3a90_129, v0x5598b9dd3a90_130, v0x5598b9dd3a90_131, v0x5598b9dd3a90_132;
v0x5598b9dd3a90_133 .array/port v0x5598b9dd3a90, 133;
v0x5598b9dd3a90_134 .array/port v0x5598b9dd3a90, 134;
v0x5598b9dd3a90_135 .array/port v0x5598b9dd3a90, 135;
v0x5598b9dd3a90_136 .array/port v0x5598b9dd3a90, 136;
E_0x5598b9dabc90/35 .event anyedge, v0x5598b9dd3a90_133, v0x5598b9dd3a90_134, v0x5598b9dd3a90_135, v0x5598b9dd3a90_136;
v0x5598b9dd3a90_137 .array/port v0x5598b9dd3a90, 137;
v0x5598b9dd3a90_138 .array/port v0x5598b9dd3a90, 138;
v0x5598b9dd3a90_139 .array/port v0x5598b9dd3a90, 139;
v0x5598b9dd3a90_140 .array/port v0x5598b9dd3a90, 140;
E_0x5598b9dabc90/36 .event anyedge, v0x5598b9dd3a90_137, v0x5598b9dd3a90_138, v0x5598b9dd3a90_139, v0x5598b9dd3a90_140;
v0x5598b9dd3a90_141 .array/port v0x5598b9dd3a90, 141;
v0x5598b9dd3a90_142 .array/port v0x5598b9dd3a90, 142;
v0x5598b9dd3a90_143 .array/port v0x5598b9dd3a90, 143;
v0x5598b9dd3a90_144 .array/port v0x5598b9dd3a90, 144;
E_0x5598b9dabc90/37 .event anyedge, v0x5598b9dd3a90_141, v0x5598b9dd3a90_142, v0x5598b9dd3a90_143, v0x5598b9dd3a90_144;
v0x5598b9dd3a90_145 .array/port v0x5598b9dd3a90, 145;
v0x5598b9dd3a90_146 .array/port v0x5598b9dd3a90, 146;
v0x5598b9dd3a90_147 .array/port v0x5598b9dd3a90, 147;
v0x5598b9dd3a90_148 .array/port v0x5598b9dd3a90, 148;
E_0x5598b9dabc90/38 .event anyedge, v0x5598b9dd3a90_145, v0x5598b9dd3a90_146, v0x5598b9dd3a90_147, v0x5598b9dd3a90_148;
v0x5598b9dd3a90_149 .array/port v0x5598b9dd3a90, 149;
v0x5598b9dd3a90_150 .array/port v0x5598b9dd3a90, 150;
v0x5598b9dd3a90_151 .array/port v0x5598b9dd3a90, 151;
v0x5598b9dd3a90_152 .array/port v0x5598b9dd3a90, 152;
E_0x5598b9dabc90/39 .event anyedge, v0x5598b9dd3a90_149, v0x5598b9dd3a90_150, v0x5598b9dd3a90_151, v0x5598b9dd3a90_152;
v0x5598b9dd3a90_153 .array/port v0x5598b9dd3a90, 153;
v0x5598b9dd3a90_154 .array/port v0x5598b9dd3a90, 154;
v0x5598b9dd3a90_155 .array/port v0x5598b9dd3a90, 155;
v0x5598b9dd3a90_156 .array/port v0x5598b9dd3a90, 156;
E_0x5598b9dabc90/40 .event anyedge, v0x5598b9dd3a90_153, v0x5598b9dd3a90_154, v0x5598b9dd3a90_155, v0x5598b9dd3a90_156;
v0x5598b9dd3a90_157 .array/port v0x5598b9dd3a90, 157;
v0x5598b9dd3a90_158 .array/port v0x5598b9dd3a90, 158;
v0x5598b9dd3a90_159 .array/port v0x5598b9dd3a90, 159;
v0x5598b9dd3a90_160 .array/port v0x5598b9dd3a90, 160;
E_0x5598b9dabc90/41 .event anyedge, v0x5598b9dd3a90_157, v0x5598b9dd3a90_158, v0x5598b9dd3a90_159, v0x5598b9dd3a90_160;
v0x5598b9dd3a90_161 .array/port v0x5598b9dd3a90, 161;
v0x5598b9dd3a90_162 .array/port v0x5598b9dd3a90, 162;
v0x5598b9dd3a90_163 .array/port v0x5598b9dd3a90, 163;
v0x5598b9dd3a90_164 .array/port v0x5598b9dd3a90, 164;
E_0x5598b9dabc90/42 .event anyedge, v0x5598b9dd3a90_161, v0x5598b9dd3a90_162, v0x5598b9dd3a90_163, v0x5598b9dd3a90_164;
v0x5598b9dd3a90_165 .array/port v0x5598b9dd3a90, 165;
v0x5598b9dd3a90_166 .array/port v0x5598b9dd3a90, 166;
v0x5598b9dd3a90_167 .array/port v0x5598b9dd3a90, 167;
v0x5598b9dd3a90_168 .array/port v0x5598b9dd3a90, 168;
E_0x5598b9dabc90/43 .event anyedge, v0x5598b9dd3a90_165, v0x5598b9dd3a90_166, v0x5598b9dd3a90_167, v0x5598b9dd3a90_168;
v0x5598b9dd3a90_169 .array/port v0x5598b9dd3a90, 169;
v0x5598b9dd3a90_170 .array/port v0x5598b9dd3a90, 170;
v0x5598b9dd3a90_171 .array/port v0x5598b9dd3a90, 171;
v0x5598b9dd3a90_172 .array/port v0x5598b9dd3a90, 172;
E_0x5598b9dabc90/44 .event anyedge, v0x5598b9dd3a90_169, v0x5598b9dd3a90_170, v0x5598b9dd3a90_171, v0x5598b9dd3a90_172;
v0x5598b9dd3a90_173 .array/port v0x5598b9dd3a90, 173;
v0x5598b9dd3a90_174 .array/port v0x5598b9dd3a90, 174;
v0x5598b9dd3a90_175 .array/port v0x5598b9dd3a90, 175;
v0x5598b9dd3a90_176 .array/port v0x5598b9dd3a90, 176;
E_0x5598b9dabc90/45 .event anyedge, v0x5598b9dd3a90_173, v0x5598b9dd3a90_174, v0x5598b9dd3a90_175, v0x5598b9dd3a90_176;
v0x5598b9dd3a90_177 .array/port v0x5598b9dd3a90, 177;
v0x5598b9dd3a90_178 .array/port v0x5598b9dd3a90, 178;
v0x5598b9dd3a90_179 .array/port v0x5598b9dd3a90, 179;
v0x5598b9dd3a90_180 .array/port v0x5598b9dd3a90, 180;
E_0x5598b9dabc90/46 .event anyedge, v0x5598b9dd3a90_177, v0x5598b9dd3a90_178, v0x5598b9dd3a90_179, v0x5598b9dd3a90_180;
v0x5598b9dd3a90_181 .array/port v0x5598b9dd3a90, 181;
v0x5598b9dd3a90_182 .array/port v0x5598b9dd3a90, 182;
v0x5598b9dd3a90_183 .array/port v0x5598b9dd3a90, 183;
v0x5598b9dd3a90_184 .array/port v0x5598b9dd3a90, 184;
E_0x5598b9dabc90/47 .event anyedge, v0x5598b9dd3a90_181, v0x5598b9dd3a90_182, v0x5598b9dd3a90_183, v0x5598b9dd3a90_184;
v0x5598b9dd3a90_185 .array/port v0x5598b9dd3a90, 185;
v0x5598b9dd3a90_186 .array/port v0x5598b9dd3a90, 186;
v0x5598b9dd3a90_187 .array/port v0x5598b9dd3a90, 187;
v0x5598b9dd3a90_188 .array/port v0x5598b9dd3a90, 188;
E_0x5598b9dabc90/48 .event anyedge, v0x5598b9dd3a90_185, v0x5598b9dd3a90_186, v0x5598b9dd3a90_187, v0x5598b9dd3a90_188;
v0x5598b9dd3a90_189 .array/port v0x5598b9dd3a90, 189;
v0x5598b9dd3a90_190 .array/port v0x5598b9dd3a90, 190;
v0x5598b9dd3a90_191 .array/port v0x5598b9dd3a90, 191;
v0x5598b9dd3a90_192 .array/port v0x5598b9dd3a90, 192;
E_0x5598b9dabc90/49 .event anyedge, v0x5598b9dd3a90_189, v0x5598b9dd3a90_190, v0x5598b9dd3a90_191, v0x5598b9dd3a90_192;
v0x5598b9dd3a90_193 .array/port v0x5598b9dd3a90, 193;
v0x5598b9dd3a90_194 .array/port v0x5598b9dd3a90, 194;
v0x5598b9dd3a90_195 .array/port v0x5598b9dd3a90, 195;
v0x5598b9dd3a90_196 .array/port v0x5598b9dd3a90, 196;
E_0x5598b9dabc90/50 .event anyedge, v0x5598b9dd3a90_193, v0x5598b9dd3a90_194, v0x5598b9dd3a90_195, v0x5598b9dd3a90_196;
v0x5598b9dd3a90_197 .array/port v0x5598b9dd3a90, 197;
v0x5598b9dd3a90_198 .array/port v0x5598b9dd3a90, 198;
v0x5598b9dd3a90_199 .array/port v0x5598b9dd3a90, 199;
v0x5598b9dd3a90_200 .array/port v0x5598b9dd3a90, 200;
E_0x5598b9dabc90/51 .event anyedge, v0x5598b9dd3a90_197, v0x5598b9dd3a90_198, v0x5598b9dd3a90_199, v0x5598b9dd3a90_200;
v0x5598b9dd3a90_201 .array/port v0x5598b9dd3a90, 201;
v0x5598b9dd3a90_202 .array/port v0x5598b9dd3a90, 202;
v0x5598b9dd3a90_203 .array/port v0x5598b9dd3a90, 203;
v0x5598b9dd3a90_204 .array/port v0x5598b9dd3a90, 204;
E_0x5598b9dabc90/52 .event anyedge, v0x5598b9dd3a90_201, v0x5598b9dd3a90_202, v0x5598b9dd3a90_203, v0x5598b9dd3a90_204;
v0x5598b9dd3a90_205 .array/port v0x5598b9dd3a90, 205;
v0x5598b9dd3a90_206 .array/port v0x5598b9dd3a90, 206;
v0x5598b9dd3a90_207 .array/port v0x5598b9dd3a90, 207;
v0x5598b9dd3a90_208 .array/port v0x5598b9dd3a90, 208;
E_0x5598b9dabc90/53 .event anyedge, v0x5598b9dd3a90_205, v0x5598b9dd3a90_206, v0x5598b9dd3a90_207, v0x5598b9dd3a90_208;
v0x5598b9dd3a90_209 .array/port v0x5598b9dd3a90, 209;
v0x5598b9dd3a90_210 .array/port v0x5598b9dd3a90, 210;
v0x5598b9dd3a90_211 .array/port v0x5598b9dd3a90, 211;
v0x5598b9dd3a90_212 .array/port v0x5598b9dd3a90, 212;
E_0x5598b9dabc90/54 .event anyedge, v0x5598b9dd3a90_209, v0x5598b9dd3a90_210, v0x5598b9dd3a90_211, v0x5598b9dd3a90_212;
v0x5598b9dd3a90_213 .array/port v0x5598b9dd3a90, 213;
v0x5598b9dd3a90_214 .array/port v0x5598b9dd3a90, 214;
v0x5598b9dd3a90_215 .array/port v0x5598b9dd3a90, 215;
v0x5598b9dd3a90_216 .array/port v0x5598b9dd3a90, 216;
E_0x5598b9dabc90/55 .event anyedge, v0x5598b9dd3a90_213, v0x5598b9dd3a90_214, v0x5598b9dd3a90_215, v0x5598b9dd3a90_216;
v0x5598b9dd3a90_217 .array/port v0x5598b9dd3a90, 217;
v0x5598b9dd3a90_218 .array/port v0x5598b9dd3a90, 218;
v0x5598b9dd3a90_219 .array/port v0x5598b9dd3a90, 219;
v0x5598b9dd3a90_220 .array/port v0x5598b9dd3a90, 220;
E_0x5598b9dabc90/56 .event anyedge, v0x5598b9dd3a90_217, v0x5598b9dd3a90_218, v0x5598b9dd3a90_219, v0x5598b9dd3a90_220;
v0x5598b9dd3a90_221 .array/port v0x5598b9dd3a90, 221;
v0x5598b9dd3a90_222 .array/port v0x5598b9dd3a90, 222;
v0x5598b9dd3a90_223 .array/port v0x5598b9dd3a90, 223;
v0x5598b9dd3a90_224 .array/port v0x5598b9dd3a90, 224;
E_0x5598b9dabc90/57 .event anyedge, v0x5598b9dd3a90_221, v0x5598b9dd3a90_222, v0x5598b9dd3a90_223, v0x5598b9dd3a90_224;
v0x5598b9dd3a90_225 .array/port v0x5598b9dd3a90, 225;
v0x5598b9dd3a90_226 .array/port v0x5598b9dd3a90, 226;
v0x5598b9dd3a90_227 .array/port v0x5598b9dd3a90, 227;
v0x5598b9dd3a90_228 .array/port v0x5598b9dd3a90, 228;
E_0x5598b9dabc90/58 .event anyedge, v0x5598b9dd3a90_225, v0x5598b9dd3a90_226, v0x5598b9dd3a90_227, v0x5598b9dd3a90_228;
v0x5598b9dd3a90_229 .array/port v0x5598b9dd3a90, 229;
v0x5598b9dd3a90_230 .array/port v0x5598b9dd3a90, 230;
v0x5598b9dd3a90_231 .array/port v0x5598b9dd3a90, 231;
v0x5598b9dd3a90_232 .array/port v0x5598b9dd3a90, 232;
E_0x5598b9dabc90/59 .event anyedge, v0x5598b9dd3a90_229, v0x5598b9dd3a90_230, v0x5598b9dd3a90_231, v0x5598b9dd3a90_232;
v0x5598b9dd3a90_233 .array/port v0x5598b9dd3a90, 233;
v0x5598b9dd3a90_234 .array/port v0x5598b9dd3a90, 234;
v0x5598b9dd3a90_235 .array/port v0x5598b9dd3a90, 235;
v0x5598b9dd3a90_236 .array/port v0x5598b9dd3a90, 236;
E_0x5598b9dabc90/60 .event anyedge, v0x5598b9dd3a90_233, v0x5598b9dd3a90_234, v0x5598b9dd3a90_235, v0x5598b9dd3a90_236;
v0x5598b9dd3a90_237 .array/port v0x5598b9dd3a90, 237;
v0x5598b9dd3a90_238 .array/port v0x5598b9dd3a90, 238;
v0x5598b9dd3a90_239 .array/port v0x5598b9dd3a90, 239;
v0x5598b9dd3a90_240 .array/port v0x5598b9dd3a90, 240;
E_0x5598b9dabc90/61 .event anyedge, v0x5598b9dd3a90_237, v0x5598b9dd3a90_238, v0x5598b9dd3a90_239, v0x5598b9dd3a90_240;
v0x5598b9dd3a90_241 .array/port v0x5598b9dd3a90, 241;
v0x5598b9dd3a90_242 .array/port v0x5598b9dd3a90, 242;
v0x5598b9dd3a90_243 .array/port v0x5598b9dd3a90, 243;
v0x5598b9dd3a90_244 .array/port v0x5598b9dd3a90, 244;
E_0x5598b9dabc90/62 .event anyedge, v0x5598b9dd3a90_241, v0x5598b9dd3a90_242, v0x5598b9dd3a90_243, v0x5598b9dd3a90_244;
v0x5598b9dd3a90_245 .array/port v0x5598b9dd3a90, 245;
v0x5598b9dd3a90_246 .array/port v0x5598b9dd3a90, 246;
v0x5598b9dd3a90_247 .array/port v0x5598b9dd3a90, 247;
v0x5598b9dd3a90_248 .array/port v0x5598b9dd3a90, 248;
E_0x5598b9dabc90/63 .event anyedge, v0x5598b9dd3a90_245, v0x5598b9dd3a90_246, v0x5598b9dd3a90_247, v0x5598b9dd3a90_248;
v0x5598b9dd3a90_249 .array/port v0x5598b9dd3a90, 249;
v0x5598b9dd3a90_250 .array/port v0x5598b9dd3a90, 250;
v0x5598b9dd3a90_251 .array/port v0x5598b9dd3a90, 251;
v0x5598b9dd3a90_252 .array/port v0x5598b9dd3a90, 252;
E_0x5598b9dabc90/64 .event anyedge, v0x5598b9dd3a90_249, v0x5598b9dd3a90_250, v0x5598b9dd3a90_251, v0x5598b9dd3a90_252;
v0x5598b9dd3a90_253 .array/port v0x5598b9dd3a90, 253;
v0x5598b9dd3a90_254 .array/port v0x5598b9dd3a90, 254;
v0x5598b9dd3a90_255 .array/port v0x5598b9dd3a90, 255;
E_0x5598b9dabc90/65 .event anyedge, v0x5598b9dd3a90_253, v0x5598b9dd3a90_254, v0x5598b9dd3a90_255;
E_0x5598b9dabc90 .event/or E_0x5598b9dabc90/0, E_0x5598b9dabc90/1, E_0x5598b9dabc90/2, E_0x5598b9dabc90/3, E_0x5598b9dabc90/4, E_0x5598b9dabc90/5, E_0x5598b9dabc90/6, E_0x5598b9dabc90/7, E_0x5598b9dabc90/8, E_0x5598b9dabc90/9, E_0x5598b9dabc90/10, E_0x5598b9dabc90/11, E_0x5598b9dabc90/12, E_0x5598b9dabc90/13, E_0x5598b9dabc90/14, E_0x5598b9dabc90/15, E_0x5598b9dabc90/16, E_0x5598b9dabc90/17, E_0x5598b9dabc90/18, E_0x5598b9dabc90/19, E_0x5598b9dabc90/20, E_0x5598b9dabc90/21, E_0x5598b9dabc90/22, E_0x5598b9dabc90/23, E_0x5598b9dabc90/24, E_0x5598b9dabc90/25, E_0x5598b9dabc90/26, E_0x5598b9dabc90/27, E_0x5598b9dabc90/28, E_0x5598b9dabc90/29, E_0x5598b9dabc90/30, E_0x5598b9dabc90/31, E_0x5598b9dabc90/32, E_0x5598b9dabc90/33, E_0x5598b9dabc90/34, E_0x5598b9dabc90/35, E_0x5598b9dabc90/36, E_0x5598b9dabc90/37, E_0x5598b9dabc90/38, E_0x5598b9dabc90/39, E_0x5598b9dabc90/40, E_0x5598b9dabc90/41, E_0x5598b9dabc90/42, E_0x5598b9dabc90/43, E_0x5598b9dabc90/44, E_0x5598b9dabc90/45, E_0x5598b9dabc90/46, E_0x5598b9dabc90/47, E_0x5598b9dabc90/48, E_0x5598b9dabc90/49, E_0x5598b9dabc90/50, E_0x5598b9dabc90/51, E_0x5598b9dabc90/52, E_0x5598b9dabc90/53, E_0x5598b9dabc90/54, E_0x5598b9dabc90/55, E_0x5598b9dabc90/56, E_0x5598b9dabc90/57, E_0x5598b9dabc90/58, E_0x5598b9dabc90/59, E_0x5598b9dabc90/60, E_0x5598b9dabc90/61, E_0x5598b9dabc90/62, E_0x5598b9dabc90/63, E_0x5598b9dabc90/64, E_0x5598b9dabc90/65;
    .scope S_0x5598b9dafde0;
T_0 ;
    %pushi/vec4 10, 0, 64;
    %ix/load 4, 0, 0;
    %flag_set/imm 4, 0;
    %store/vec4a v0x5598b9dd3a90, 4, 0;
    %pushi/vec4 90, 0, 64;
    %ix/load 4, 1, 0;
    %flag_set/imm 4, 0;
    %store/vec4a v0x5598b9dd3a90, 4, 0;
    %pushi/vec4 6, 0, 64;
    %ix/load 4, 2, 0;
    %flag_set/imm 4, 0;
    %store/vec4a v0x5598b9dd3a90, 4, 0;
    %end;
    .thread T_0;
    .scope S_0x5598b9dafde0;
T_1 ;
    %wait E_0x5598b9dabc90;
    %load/vec4 v0x5598b9dd64c0_0;
    %flag_set/vec4 8;
    %jmp/0xz  T_1.0, 8;
    %load/vec4 v0x5598b9dd6850_0;
    %load/vec4 v0x5598b9dd6690_0;
    %parti/s 8, 0, 2;
    %pad/u 10;
    %ix/vec4 3;
    %ix/load 4, 0, 0; Constant delay
    %assign/vec4/a/d v0x5598b9dd3a90, 0, 4;
T_1.0 ;
    %load/vec4 v0x5598b9dd6770_0;
    %assign/vec4 v0x5598b9dd6c70_0, 0;
    %load/vec4 v0x5598b9dd6400_0;
    %assign/vec4 v0x5598b9dd6930_0, 0;
    %load/vec4 v0x5598b9dd6690_0;
    %assign/vec4 v0x5598b9dd6ab0_0, 0;
    %load/vec4 v0x5598b9dd65d0_0;
    %assign/vec4 v0x5598b9dd69f0_0, 0;
    %load/vec4 v0x5598b9dd6360_0;
    %flag_set/vec4 8;
    %jmp/0xz  T_1.2, 8;
    %ix/getv 4, v0x5598b9dd6690_0;
    %load/vec4a v0x5598b9dd3a90, 4;
    %assign/vec4 v0x5598b9dd6b90_0, 0;
    %jmp T_1.3;
T_1.2 ;
    %pushi/vec4 0, 0, 64;
    %assign/vec4 v0x5598b9dd6b90_0, 0;
T_1.3 ;
    %vpi_call 3 47 "$display", "Memory Values: %d, %d, %d", &A<v0x5598b9dd3a90, 0>, &A<v0x5598b9dd3a90, 1>, &A<v0x5598b9dd3a90, 2> {0 0 0};
    %jmp T_1;
    .thread T_1, $push;
    .scope S_0x5598b9dafc50;
T_2 ;
    %delay 5000, 0;
    %load/vec4 v0x5598b9dd6ef0_0;
    %inv;
    %store/vec4 v0x5598b9dd6ef0_0, 0, 1;
    %jmp T_2;
    .thread T_2;
    .scope S_0x5598b9dafc50;
T_3 ;
    %pushi/vec4 0, 0, 1;
    %store/vec4 v0x5598b9dd6ef0_0, 0, 1;
    %pushi/vec4 0, 0, 5;
    %store/vec4 v0x5598b9dd72d0_0, 0, 5;
    %pushi/vec4 0, 0, 1;
    %store/vec4 v0x5598b9dd70f0_0, 0, 1;
    %pushi/vec4 0, 0, 1;
    %store/vec4 v0x5598b9dd6fb0_0, 0, 1;
    %pushi/vec4 0, 0, 1;
    %store/vec4 v0x5598b9dd7050_0, 0, 1;
    %pushi/vec4 0, 0, 1;
    %store/vec4 v0x5598b9dd7190_0, 0, 1;
    %pushi/vec4 2, 0, 64;
    %store/vec4 v0x5598b9dd7230_0, 0, 64;
    %pushi/vec4 42, 0, 64;
    %store/vec4 v0x5598b9dd7370_0, 0, 64;
    %vpi_call 2 53 "$monitor", "Time=%0t | clk=%b | MemWrite=%b | MemRead=%b | MemtoReg=%b | RegWrite=%b | rd=%d | ALU_Result=%d | MemData=%d", $time, v0x5598b9dd6ef0_0, v0x5598b9dd70f0_0, v0x5598b9dd6fb0_0, v0x5598b9dd7050_0, v0x5598b9dd7190_0, v0x5598b9dd7780_0, v0x5598b9dd75e0_0, v0x5598b9dd76b0_0 {0 0 0};
    %pushi/vec4 1, 0, 1;
    %store/vec4 v0x5598b9dd6fb0_0, 0, 1;
    %delay 10000, 0;
    %pushi/vec4 0, 0, 1;
    %store/vec4 v0x5598b9dd6fb0_0, 0, 1;
    %pushi/vec4 1, 0, 1;
    %store/vec4 v0x5598b9dd70f0_0, 0, 1;
    %delay 10000, 0;
    %pushi/vec4 0, 0, 1;
    %store/vec4 v0x5598b9dd70f0_0, 0, 1;
    %delay 10000, 0;
    %vpi_call 2 68 "$finish" {0 0 0};
    %end;
    .thread T_3;
# The file index is used to find the file name in the following table.
:file_names 4;
    "N/A";
    "<interactive>";
    "memory_tb.v";
    "./memory.v";
