#! /usr/bin/vvp
:ivl_version "12.0 (stable)";
:ivl_delay_selection "TYPICAL";
:vpi_time_precision + 0;
:vpi_module "/usr/lib/x86_64-linux-gnu/ivl/system.vpi";
:vpi_module "/usr/lib/x86_64-linux-gnu/ivl/vhdl_sys.vpi";
:vpi_module "/usr/lib/x86_64-linux-gnu/ivl/vhdl_textio.vpi";
:vpi_module "/usr/lib/x86_64-linux-gnu/ivl/v2005_math.vpi";
:vpi_module "/usr/lib/x86_64-linux-gnu/ivl/va_math.vpi";
S_0x5bb39162b4f0 .scope module, "writeback" "writeback" 2 1;
 .timescale 0 0;
    .port_info 0 /INPUT 1 "clk";
    .port_info 1 /INPUT 1 "mem_wb_MemtoReg";
    .port_info 2 /INPUT 1 "mem_wb_RegWrite";
    .port_info 3 /INPUT 5 "mem_wb_rd";
    .port_info 4 /INPUT 64 "mem_wb_alu_result";
    .port_info 5 /INPUT 64 "mem_wb_mem_data";
    .port_info 6 /OUTPUT 1 "wb_RegWrite";
    .port_info 7 /OUTPUT 5 "wb_rd";
    .port_info 8 /OUTPUT 64 "wb_registerout";
o0x705316687018 .functor BUFZ 1, C4<z>; HiZ drive
v0x5bb39162b780_0 .net "clk", 0 0, o0x705316687018;  0 drivers
o0x705316687048 .functor BUFZ 1, C4<z>; HiZ drive
v0x5bb391677740_0 .net "mem_wb_MemtoReg", 0 0, o0x705316687048;  0 drivers
o0x705316687078 .functor BUFZ 1, C4<z>; HiZ drive
v0x5bb391677800_0 .net "mem_wb_RegWrite", 0 0, o0x705316687078;  0 drivers
o0x7053166870a8 .functor BUFZ 64, C4<zzzzzzzzzzzzzzzzzzzzzzzzzzzzzzzzzzzzzzzzzzzzzzzzzzzzzzzzzzzzzzzz>; HiZ drive
v0x5bb3916778a0_0 .net "mem_wb_alu_result", 63 0, o0x7053166870a8;  0 drivers
o0x7053166870d8 .functor BUFZ 64, C4<zzzzzzzzzzzzzzzzzzzzzzzzzzzzzzzzzzzzzzzzzzzzzzzzzzzzzzzzzzzzzzzz>; HiZ drive
v0x5bb391677980_0 .net "mem_wb_mem_data", 63 0, o0x7053166870d8;  0 drivers
o0x705316687108 .functor BUFZ 5, C4<zzzzz>; HiZ drive
v0x5bb391677ab0_0 .net "mem_wb_rd", 4 0, o0x705316687108;  0 drivers
v0x5bb391677b90_0 .var "wb_RegWrite", 0 0;
v0x5bb391677c50_0 .var "wb_rd", 4 0;
v0x5bb391677d30_0 .var "wb_registerout", 63 0;
E_0x5bb391664f00 .event posedge, v0x5bb39162b780_0;
    .scope S_0x5bb39162b4f0;
T_0 ;
    %pushi/vec4 0, 0, 1;
    %store/vec4 v0x5bb391677b90_0, 0, 1;
    %pushi/vec4 0, 0, 5;
    %store/vec4 v0x5bb391677c50_0, 0, 5;
    %pushi/vec4 0, 0, 64;
    %store/vec4 v0x5bb391677d30_0, 0, 64;
    %end;
    .thread T_0;
    .scope S_0x5bb39162b4f0;
T_1 ;
    %wait E_0x5bb391664f00;
    %load/vec4 v0x5bb391677800_0;
    %assign/vec4 v0x5bb391677b90_0, 0;
    %load/vec4 v0x5bb391677ab0_0;
    %assign/vec4 v0x5bb391677c50_0, 0;
    %load/vec4 v0x5bb391677740_0;
    %flag_set/vec4 8;
    %jmp/0xz  T_1.0, 8;
    %load/vec4 v0x5bb391677980_0;
    %assign/vec4 v0x5bb391677d30_0, 0;
    %jmp T_1.1;
T_1.0 ;
    %load/vec4 v0x5bb3916778a0_0;
    %assign/vec4 v0x5bb391677d30_0, 0;
T_1.1 ;
    %vpi_call 2 33 "$display", "Time: %0t | clk: %b | wb_RegWrite: %b | wb_rd: %d | wb_registerout: %d", $time, v0x5bb39162b780_0, v0x5bb391677b90_0, v0x5bb391677c50_0, v0x5bb391677d30_0 {0 0 0};
    %jmp T_1;
    .thread T_1;
# The file index is used to find the file name in the following table.
:file_names 3;
    "N/A";
    "<interactive>";
    "writeback.v";
