#! /usr/bin/vvp
:ivl_version "12.0 (stable)";
:ivl_delay_selection "TYPICAL";
:vpi_time_precision + 0;
:vpi_module "/usr/lib/x86_64-linux-gnu/ivl/system.vpi";
:vpi_module "/usr/lib/x86_64-linux-gnu/ivl/vhdl_sys.vpi";
:vpi_module "/usr/lib/x86_64-linux-gnu/ivl/vhdl_textio.vpi";
:vpi_module "/usr/lib/x86_64-linux-gnu/ivl/v2005_math.vpi";
:vpi_module "/usr/lib/x86_64-linux-gnu/ivl/va_math.vpi";
S_0x56467c79a4f0 .scope module, "decode" "decode" 2 1;
 .timescale 0 0;
    .port_info 0 /INPUT 32 "instruction";
    .port_info 1 /OUTPUT 1 "id_ex_Memread";
    .port_info 2 /OUTPUT 1 "id_ex_MemtoReg";
    .port_info 3 /OUTPUT 1 "id_ex_Regwrite";
    .port_info 4 /OUTPUT 1 "id_ex_Memwrite";
    .port_info 5 /OUTPUT 1 "id_ex_write";
    .port_info 6 /OUTPUT 5 "id_ex_rs1";
    .port_info 7 /OUTPUT 5 "id_ex_rs2";
    .port_info 8 /OUTPUT 5 "id_ex_rd";
    .port_info 9 /OUTPUT 7 "opcode";
    .port_info 10 /OUTPUT 1 "alu_src";
    .port_info 11 /OUTPUT 4 "alu_op";
    .port_info 12 /OUTPUT 1 "branch";
    .port_info 13 /OUTPUT 64 "imm";
    .port_info 14 /INPUT 1 "clk";
v0x56467c7c7860_0 .var "alu_op", 3 0;
v0x56467c7fc480_0 .var "alu_src", 0 0;
v0x56467c7fc540_0 .var "branch", 0 0;
o0x7f1e78c6c0a8 .functor BUFZ 1, C4<z>; HiZ drive
v0x56467c7fc5e0_0 .net "clk", 0 0, o0x7f1e78c6c0a8;  0 drivers
v0x56467c7fc6a0_0 .var "funct3", 2 0;
v0x56467c7fc7d0_0 .var "funct7", 6 0;
v0x56467c7fc8b0_0 .var "id_ex_Memread", 0 0;
v0x56467c7fc970_0 .var "id_ex_MemtoReg", 0 0;
v0x56467c7fca30_0 .var "id_ex_Memwrite", 0 0;
v0x56467c7fcaf0_0 .var "id_ex_Regwrite", 0 0;
v0x56467c7fcbb0_0 .var "id_ex_rd", 4 0;
v0x56467c7fcc90_0 .var "id_ex_rs1", 4 0;
v0x56467c7fcd70_0 .var "id_ex_rs2", 4 0;
v0x56467c7fce50_0 .var "id_ex_write", 0 0;
v0x56467c7fcf10_0 .var "imm", 63 0;
o0x7f1e78c6c2e8 .functor BUFZ 32, C4<zzzzzzzzzzzzzzzzzzzzzzzzzzzzzzzz>; HiZ drive
v0x56467c7fcff0_0 .net "instruction", 31 0, o0x7f1e78c6c2e8;  0 drivers
v0x56467c7fd0d0_0 .var "opcode", 6 0;
E_0x56467c7d59e0 .event posedge, v0x56467c7fc5e0_0;
    .scope S_0x56467c79a4f0;
T_0 ;
    %wait E_0x56467c7d59e0;
    %load/vec4 v0x56467c7fcff0_0;
    %parti/s 7, 0, 2;
    %store/vec4 v0x56467c7fd0d0_0, 0, 7;
    %load/vec4 v0x56467c7fcff0_0;
    %parti/s 5, 7, 4;
    %store/vec4 v0x56467c7fcbb0_0, 0, 5;
    %load/vec4 v0x56467c7fcff0_0;
    %parti/s 3, 12, 5;
    %store/vec4 v0x56467c7fc6a0_0, 0, 3;
    %load/vec4 v0x56467c7fcff0_0;
    %parti/s 7, 25, 6;
    %store/vec4 v0x56467c7fc7d0_0, 0, 7;
    %load/vec4 v0x56467c7fcff0_0;
    %parti/s 5, 15, 5;
    %store/vec4 v0x56467c7fcc90_0, 0, 5;
    %load/vec4 v0x56467c7fcff0_0;
    %parti/s 5, 20, 6;
    %store/vec4 v0x56467c7fcd70_0, 0, 5;
    %pushi/vec4 0, 0, 1;
    %store/vec4 v0x56467c7fc540_0, 0, 1;
    %pushi/vec4 0, 0, 4;
    %store/vec4 v0x56467c7c7860_0, 0, 4;
    %pushi/vec4 0, 0, 1;
    %store/vec4 v0x56467c7fc480_0, 0, 1;
    %pushi/vec4 0, 0, 64;
    %store/vec4 v0x56467c7fcf10_0, 0, 64;
    %pushi/vec4 0, 0, 1;
    %store/vec4 v0x56467c7fca30_0, 0, 1;
    %pushi/vec4 0, 0, 1;
    %store/vec4 v0x56467c7fc970_0, 0, 1;
    %pushi/vec4 0, 0, 1;
    %store/vec4 v0x56467c7fc8b0_0, 0, 1;
    %pushi/vec4 0, 0, 1;
    %store/vec4 v0x56467c7fcaf0_0, 0, 1;
    %pushi/vec4 0, 0, 1;
    %store/vec4 v0x56467c7fce50_0, 0, 1;
    %load/vec4 v0x56467c7fd0d0_0;
    %dup/vec4;
    %pushi/vec4 51, 0, 7;
    %cmp/u;
    %jmp/1 T_0.0, 6;
    %dup/vec4;
    %pushi/vec4 3, 0, 7;
    %cmp/u;
    %jmp/1 T_0.1, 6;
    %dup/vec4;
    %pushi/vec4 19, 0, 7;
    %cmp/u;
    %jmp/1 T_0.2, 6;
    %dup/vec4;
    %pushi/vec4 99, 0, 7;
    %cmp/u;
    %jmp/1 T_0.3, 6;
    %dup/vec4;
    %pushi/vec4 35, 0, 7;
    %cmp/u;
    %jmp/1 T_0.4, 6;
    %pushi/vec4 0, 0, 1;
    %store/vec4 v0x56467c7fc540_0, 0, 1;
    %pushi/vec4 0, 0, 4;
    %store/vec4 v0x56467c7c7860_0, 0, 4;
    %pushi/vec4 0, 0, 1;
    %store/vec4 v0x56467c7fc480_0, 0, 1;
    %pushi/vec4 0, 0, 64;
    %store/vec4 v0x56467c7fcf10_0, 0, 64;
    %pushi/vec4 0, 0, 1;
    %store/vec4 v0x56467c7fc8b0_0, 0, 1;
    %pushi/vec4 0, 0, 1;
    %store/vec4 v0x56467c7fc970_0, 0, 1;
    %pushi/vec4 0, 0, 1;
    %store/vec4 v0x56467c7fcaf0_0, 0, 1;
    %pushi/vec4 0, 0, 1;
    %store/vec4 v0x56467c7fca30_0, 0, 1;
    %jmp T_0.6;
T_0.0 ;
    %pushi/vec4 1, 0, 1;
    %store/vec4 v0x56467c7fcaf0_0, 0, 1;
    %load/vec4 v0x56467c7fc6a0_0;
    %dup/vec4;
    %pushi/vec4 0, 0, 3;
    %cmp/u;
    %jmp/1 T_0.7, 6;
    %dup/vec4;
    %pushi/vec4 1, 0, 3;
    %cmp/u;
    %jmp/1 T_0.8, 6;
    %dup/vec4;
    %pushi/vec4 4, 0, 3;
    %cmp/u;
    %jmp/1 T_0.9, 6;
    %dup/vec4;
    %pushi/vec4 5, 0, 3;
    %cmp/u;
    %jmp/1 T_0.10, 6;
    %dup/vec4;
    %pushi/vec4 6, 0, 3;
    %cmp/u;
    %jmp/1 T_0.11, 6;
    %dup/vec4;
    %pushi/vec4 7, 0, 3;
    %cmp/u;
    %jmp/1 T_0.12, 6;
    %jmp T_0.13;
T_0.7 ;
    %load/vec4 v0x56467c7fc7d0_0;
    %dup/vec4;
    %pushi/vec4 0, 0, 7;
    %cmp/u;
    %jmp/1 T_0.14, 6;
    %dup/vec4;
    %pushi/vec4 32, 0, 7;
    %cmp/u;
    %jmp/1 T_0.15, 6;
    %jmp T_0.16;
T_0.14 ;
    %pushi/vec4 2, 0, 4;
    %store/vec4 v0x56467c7c7860_0, 0, 4;
    %jmp T_0.16;
T_0.15 ;
    %pushi/vec4 6, 0, 4;
    %store/vec4 v0x56467c7c7860_0, 0, 4;
    %jmp T_0.16;
T_0.16 ;
    %pop/vec4 1;
    %jmp T_0.13;
T_0.8 ;
    %pushi/vec4 3, 0, 4;
    %store/vec4 v0x56467c7c7860_0, 0, 4;
    %jmp T_0.13;
T_0.9 ;
    %pushi/vec4 9, 0, 4;
    %store/vec4 v0x56467c7c7860_0, 0, 4;
    %jmp T_0.13;
T_0.10 ;
    %load/vec4 v0x56467c7fc7d0_0;
    %dup/vec4;
    %pushi/vec4 0, 0, 7;
    %cmp/u;
    %jmp/1 T_0.17, 6;
    %dup/vec4;
    %pushi/vec4 32, 0, 7;
    %cmp/u;
    %jmp/1 T_0.18, 6;
    %jmp T_0.19;
T_0.17 ;
    %pushi/vec4 4, 0, 4;
    %store/vec4 v0x56467c7c7860_0, 0, 4;
    %jmp T_0.19;
T_0.18 ;
    %pushi/vec4 5, 0, 4;
    %store/vec4 v0x56467c7c7860_0, 0, 4;
    %jmp T_0.19;
T_0.19 ;
    %pop/vec4 1;
    %jmp T_0.13;
T_0.11 ;
    %pushi/vec4 1, 0, 4;
    %store/vec4 v0x56467c7c7860_0, 0, 4;
    %jmp T_0.13;
T_0.12 ;
    %pushi/vec4 0, 0, 4;
    %store/vec4 v0x56467c7c7860_0, 0, 4;
    %jmp T_0.13;
T_0.13 ;
    %pop/vec4 1;
    %jmp T_0.6;
T_0.1 ;
    %pushi/vec4 1, 0, 1;
    %store/vec4 v0x56467c7fc8b0_0, 0, 1;
    %pushi/vec4 1, 0, 1;
    %store/vec4 v0x56467c7fc970_0, 0, 1;
    %pushi/vec4 1, 0, 1;
    %store/vec4 v0x56467c7fcaf0_0, 0, 1;
    %pushi/vec4 1, 0, 1;
    %store/vec4 v0x56467c7fc480_0, 0, 1;
    %load/vec4 v0x56467c7fcff0_0;
    %parti/s 1, 31, 6;
    %replicate 52;
    %load/vec4 v0x56467c7fcff0_0;
    %parti/s 12, 20, 6;
    %concat/vec4; draw_concat_vec4
    %store/vec4 v0x56467c7fcf10_0, 0, 64;
    %pushi/vec4 2, 0, 4;
    %store/vec4 v0x56467c7c7860_0, 0, 4;
    %jmp T_0.6;
T_0.2 ;
    %pushi/vec4 1, 0, 1;
    %store/vec4 v0x56467c7fcaf0_0, 0, 1;
    %pushi/vec4 1, 0, 1;
    %store/vec4 v0x56467c7fc480_0, 0, 1;
    %load/vec4 v0x56467c7fcff0_0;
    %parti/s 1, 31, 6;
    %replicate 52;
    %load/vec4 v0x56467c7fcff0_0;
    %parti/s 12, 20, 6;
    %concat/vec4; draw_concat_vec4
    %store/vec4 v0x56467c7fcf10_0, 0, 64;
    %load/vec4 v0x56467c7fc6a0_0;
    %dup/vec4;
    %pushi/vec4 0, 0, 3;
    %cmp/u;
    %jmp/1 T_0.20, 6;
    %dup/vec4;
    %pushi/vec4 1, 0, 3;
    %cmp/u;
    %jmp/1 T_0.21, 6;
    %dup/vec4;
    %pushi/vec4 4, 0, 3;
    %cmp/u;
    %jmp/1 T_0.22, 6;
    %dup/vec4;
    %pushi/vec4 5, 0, 3;
    %cmp/u;
    %jmp/1 T_0.23, 6;
    %dup/vec4;
    %pushi/vec4 6, 0, 3;
    %cmp/u;
    %jmp/1 T_0.24, 6;
    %dup/vec4;
    %pushi/vec4 7, 0, 3;
    %cmp/u;
    %jmp/1 T_0.25, 6;
    %jmp T_0.26;
T_0.20 ;
    %pushi/vec4 2, 0, 4;
    %store/vec4 v0x56467c7c7860_0, 0, 4;
    %jmp T_0.26;
T_0.21 ;
    %pushi/vec4 3, 0, 4;
    %store/vec4 v0x56467c7c7860_0, 0, 4;
    %jmp T_0.26;
T_0.22 ;
    %pushi/vec4 9, 0, 4;
    %store/vec4 v0x56467c7c7860_0, 0, 4;
    %jmp T_0.26;
T_0.23 ;
    %load/vec4 v0x56467c7fc7d0_0;
    %dup/vec4;
    %pushi/vec4 0, 0, 7;
    %cmp/u;
    %jmp/1 T_0.27, 6;
    %dup/vec4;
    %pushi/vec4 32, 0, 7;
    %cmp/u;
    %jmp/1 T_0.28, 6;
    %jmp T_0.29;
T_0.27 ;
    %pushi/vec4 4, 0, 4;
    %store/vec4 v0x56467c7c7860_0, 0, 4;
    %jmp T_0.29;
T_0.28 ;
    %pushi/vec4 5, 0, 4;
    %store/vec4 v0x56467c7c7860_0, 0, 4;
    %jmp T_0.29;
T_0.29 ;
    %pop/vec4 1;
    %jmp T_0.26;
T_0.24 ;
    %pushi/vec4 1, 0, 4;
    %store/vec4 v0x56467c7c7860_0, 0, 4;
    %jmp T_0.26;
T_0.25 ;
    %pushi/vec4 0, 0, 4;
    %store/vec4 v0x56467c7c7860_0, 0, 4;
    %jmp T_0.26;
T_0.26 ;
    %pop/vec4 1;
    %jmp T_0.6;
T_0.3 ;
    %pushi/vec4 1, 0, 1;
    %store/vec4 v0x56467c7fc540_0, 0, 1;
    %pushi/vec4 0, 0, 1;
    %store/vec4 v0x56467c7fc480_0, 0, 1;
    %load/vec4 v0x56467c7fcff0_0;
    %parti/s 1, 31, 6;
    %replicate 53;
    %load/vec4 v0x56467c7fcff0_0;
    %parti/s 1, 7, 4;
    %concat/vec4; draw_concat_vec4
    %load/vec4 v0x56467c7fcff0_0;
    %parti/s 6, 25, 6;
    %concat/vec4; draw_concat_vec4
    %load/vec4 v0x56467c7fcff0_0;
    %parti/s 4, 8, 5;
    %concat/vec4; draw_concat_vec4
    %concati/vec4 0, 0, 1;
    %pad/u 64;
    %store/vec4 v0x56467c7fcf10_0, 0, 64;
    %load/vec4 v0x56467c7fc6a0_0;
    %dup/vec4;
    %pushi/vec4 0, 0, 3;
    %cmp/u;
    %jmp/1 T_0.30, 6;
    %dup/vec4;
    %pushi/vec4 1, 0, 3;
    %cmp/u;
    %jmp/1 T_0.31, 6;
    %dup/vec4;
    %pushi/vec4 4, 0, 3;
    %cmp/u;
    %jmp/1 T_0.32, 6;
    %dup/vec4;
    %pushi/vec4 5, 0, 3;
    %cmp/u;
    %jmp/1 T_0.33, 6;
    %dup/vec4;
    %pushi/vec4 7, 0, 3;
    %cmp/u;
    %jmp/1 T_0.34, 6;
    %jmp T_0.35;
T_0.30 ;
    %pushi/vec4 10, 0, 4;
    %store/vec4 v0x56467c7c7860_0, 0, 4;
    %jmp T_0.35;
T_0.31 ;
    %pushi/vec4 11, 0, 4;
    %store/vec4 v0x56467c7c7860_0, 0, 4;
    %jmp T_0.35;
T_0.32 ;
    %pushi/vec4 10, 0, 4;
    %store/vec4 v0x56467c7c7860_0, 0, 4;
    %jmp T_0.35;
T_0.33 ;
    %pushi/vec4 10, 0, 4;
    %store/vec4 v0x56467c7c7860_0, 0, 4;
    %jmp T_0.35;
T_0.34 ;
    %pushi/vec4 7, 0, 4;
    %store/vec4 v0x56467c7c7860_0, 0, 4;
    %jmp T_0.35;
T_0.35 ;
    %pop/vec4 1;
    %jmp T_0.6;
T_0.4 ;
    %pushi/vec4 1, 0, 1;
    %store/vec4 v0x56467c7fca30_0, 0, 1;
    %pushi/vec4 1, 0, 1;
    %store/vec4 v0x56467c7fc480_0, 0, 1;
    %load/vec4 v0x56467c7fcff0_0;
    %parti/s 1, 31, 6;
    %replicate 52;
    %load/vec4 v0x56467c7fcff0_0;
    %parti/s 7, 25, 6;
    %concat/vec4; draw_concat_vec4
    %load/vec4 v0x56467c7fcff0_0;
    %parti/s 5, 7, 4;
    %concat/vec4; draw_concat_vec4
    %store/vec4 v0x56467c7fcf10_0, 0, 64;
    %pushi/vec4 2, 0, 4;
    %store/vec4 v0x56467c7c7860_0, 0, 4;
    %jmp T_0.6;
T_0.6 ;
    %pop/vec4 1;
    %vpi_call 2 124 "$display", "time : %0t |clk= %b|Instruction: %b | Opcode: %b | RD: %d | Funct3: %b | RS1: %d | RS2: %d | Funct7: %b | Immediate: %d | Control Signals: Branch=%b, ALU_OP=%b, ALU_SRC=%b, MemRead=%b, MemWrite=%b, MemToReg=%b, RegWrite=%b", $time, v0x56467c7fc5e0_0, v0x56467c7fcff0_0, v0x56467c7fd0d0_0, v0x56467c7fcbb0_0, v0x56467c7fc6a0_0, v0x56467c7fcc90_0, v0x56467c7fcd70_0, v0x56467c7fc7d0_0, v0x56467c7fcf10_0, v0x56467c7fc540_0, v0x56467c7c7860_0, v0x56467c7fc480_0, v0x56467c7fc8b0_0, v0x56467c7fca30_0, v0x56467c7fc970_0, v0x56467c7fcaf0_0 {0 0 0};
    %jmp T_0;
    .thread T_0;
# The file index is used to find the file name in the following table.
:file_names 3;
    "N/A";
    "<interactive>";
    "decode.v";
