#! /usr/bin/vvp
:ivl_version "12.0 (stable)";
:ivl_delay_selection "TYPICAL";
:vpi_time_precision + 0;
:vpi_module "/usr/lib/x86_64-linux-gnu/ivl/system.vpi";
:vpi_module "/usr/lib/x86_64-linux-gnu/ivl/vhdl_sys.vpi";
:vpi_module "/usr/lib/x86_64-linux-gnu/ivl/vhdl_textio.vpi";
:vpi_module "/usr/lib/x86_64-linux-gnu/ivl/v2005_math.vpi";
:vpi_module "/usr/lib/x86_64-linux-gnu/ivl/va_math.vpi";
S_0x560cf168d510 .scope module, "Hazard" "Hazard" 2 1;
 .timescale 0 0;
    .port_info 0 /INPUT 1 "id_ex_MemRead";
    .port_info 1 /INPUT 5 "id_ex_Rd";
    .port_info 2 /INPUT 5 "if_id_Rs1";
    .port_info 3 /INPUT 5 "if_id_Rs2";
    .port_info 4 /OUTPUT 1 "hazard_detected";
o0x7fdea8ada228 .functor BUFZ 1, C4<z>; HiZ drive
L_0x560cf16d7e00 .functor AND 1, o0x7fdea8ada228, L_0x560cf16d7d00, C4<1>, C4<1>;
L_0x560cf16d7fe0 .functor AND 1, L_0x560cf16d7e00, L_0x560cf16d7ef0, C4<1>, C4<1>;
L_0x560cf16d8210 .functor AND 1, o0x7fdea8ada228, L_0x560cf16d8120, C4<1>, C4<1>;
L_0x560cf16d8480 .functor AND 1, L_0x560cf16d8210, L_0x560cf16d8320, C4<1>, C4<1>;
L_0x560cf16d85a0 .functor OR 1, L_0x560cf16d7fe0, L_0x560cf16d8480, C4<0>, C4<0>;
L_0x7fdea8a91018 .functor BUFT 1, C4<00000>, C4<0>, C4<0>, C4<0>;
v0x560cf168d6a0_0 .net/2u *"_ivl_0", 4 0, L_0x7fdea8a91018;  1 drivers
L_0x7fdea8a91060 .functor BUFT 1, C4<00000>, C4<0>, C4<0>, C4<0>;
v0x560cf16d7070_0 .net/2u *"_ivl_10", 4 0, L_0x7fdea8a91060;  1 drivers
v0x560cf16d7150_0 .net *"_ivl_12", 0 0, L_0x560cf16d8120;  1 drivers
v0x560cf16d7220_0 .net *"_ivl_15", 0 0, L_0x560cf16d8210;  1 drivers
v0x560cf16d72e0_0 .net *"_ivl_16", 0 0, L_0x560cf16d8320;  1 drivers
v0x560cf16d73f0_0 .net *"_ivl_19", 0 0, L_0x560cf16d8480;  1 drivers
v0x560cf16d74b0_0 .net *"_ivl_2", 0 0, L_0x560cf16d7d00;  1 drivers
v0x560cf16d7570_0 .net *"_ivl_5", 0 0, L_0x560cf16d7e00;  1 drivers
v0x560cf16d7630_0 .net *"_ivl_6", 0 0, L_0x560cf16d7ef0;  1 drivers
v0x560cf16d7780_0 .net *"_ivl_9", 0 0, L_0x560cf16d7fe0;  1 drivers
v0x560cf16d7840_0 .net "hazard_detected", 0 0, L_0x560cf16d85a0;  1 drivers
v0x560cf16d7900_0 .net "id_ex_MemRead", 0 0, o0x7fdea8ada228;  0 drivers
o0x7fdea8ada258 .functor BUFZ 5, C4<zzzzz>; HiZ drive
v0x560cf16d79c0_0 .net "id_ex_Rd", 4 0, o0x7fdea8ada258;  0 drivers
o0x7fdea8ada288 .functor BUFZ 5, C4<zzzzz>; HiZ drive
v0x560cf16d7aa0_0 .net "if_id_Rs1", 4 0, o0x7fdea8ada288;  0 drivers
o0x7fdea8ada2b8 .functor BUFZ 5, C4<zzzzz>; HiZ drive
v0x560cf16d7b80_0 .net "if_id_Rs2", 4 0, o0x7fdea8ada2b8;  0 drivers
L_0x560cf16d7d00 .cmp/ne 5, o0x7fdea8ada258, L_0x7fdea8a91018;
L_0x560cf16d7ef0 .cmp/eq 5, o0x7fdea8ada258, o0x7fdea8ada288;
L_0x560cf16d8120 .cmp/ne 5, o0x7fdea8ada258, L_0x7fdea8a91060;
L_0x560cf16d8320 .cmp/eq 5, o0x7fdea8ada258, o0x7fdea8ada2b8;
# The file index is used to find the file name in the following table.
:file_names 3;
    "N/A";
    "<interactive>";
    "Hazard.v";
